------------------------------------------------------------------------------------------------------------------------

[2021-10-03 21:46:24 #1 store] 
Database '/Users/amaiaaristeguiiturraran/eclipse-workspace/is2/Bets21Azkena/src/main/resources/bets.temp' is opened by 1308@MacBook-Air-de-Amaia.local

[2021-10-03 21:46:24 #2 store] 
Configuration path: ?

[2021-10-03 21:46:24 #3 type] 
Type domain.Pertsona is not enhanced.

[2021-10-03 21:46:25 #4 type] 
Type domain.Bezeroa is not enhanced.

[2021-10-03 21:46:25 #5 type] 
Type domain.ArretaElkarrizketa is not enhanced.

[2021-10-03 21:46:25 #6 type] 
Type domain.Errepikapena is not enhanced.

[2021-10-03 21:46:25 #7 type] 
Type domain.Mezua is not enhanced.

[2021-10-03 21:46:25 #8 type] 
Type domain.BezeroartekoMezua is not enhanced.

[2021-10-03 21:46:25 #9 type] 
Type domain.Apustua is not enhanced.

[2021-10-03 21:46:25 #10 type] 
Type domain.Mugimendua is not enhanced.

[2021-10-03 21:46:25 #11 type] 
Type domain.ArretaMezua is not enhanced.

[2021-10-03 21:46:25 #12 type] 
Type domain.Langilea is not enhanced.

[2021-10-03 21:46:25 #13 type] 
Type domain.Pronostikoa is not enhanced.

[2021-10-03 21:46:25 #14 type] 
Type domain.Question is not enhanced.

[2021-10-03 21:46:25 #15 type] 
Type domain.Event is not enhanced.

[2021-10-03 21:46:25 #16 type] 
Type domain.Admin is not enhanced.

------------------------------------------------------------------------------------------------------------------------

[2021-10-03 21:47:21 #1 store] 
Database '/Users/amaiaaristeguiiturraran/eclipse-workspace/is2/Bets21Azkena/src/main/resources/bets.temp' is opened by 1327@MacBook-Air-de-Amaia.local

[2021-10-03 21:47:21 #2 store] 
Configuration path: ?

[2021-10-03 21:47:21 #3 type] 
Type domain.Pertsona is not enhanced.

[2021-10-03 21:47:21 #4 type] 
Type domain.Bezeroa is not enhanced.

[2021-10-03 21:47:21 #5 type] 
Type domain.ArretaElkarrizketa is not enhanced.

[2021-10-03 21:47:21 #6 type] 
Type domain.Errepikapena is not enhanced.

[2021-10-03 21:47:21 #7 type] 
Type domain.Mezua is not enhanced.

[2021-10-03 21:47:21 #8 type] 
Type domain.BezeroartekoMezua is not enhanced.

[2021-10-03 21:47:21 #9 type] 
Type domain.Apustua is not enhanced.

[2021-10-03 21:47:21 #10 type] 
Type domain.Mugimendua is not enhanced.

[2021-10-03 21:47:21 #11 type] 
Type domain.ArretaMezua is not enhanced.

[2021-10-03 21:47:21 #12 type] 
Type domain.Langilea is not enhanced.

[2021-10-03 21:47:21 #13 type] 
Type domain.Pronostikoa is not enhanced.

[2021-10-03 21:47:21 #14 type] 
Type domain.Question is not enhanced.

[2021-10-03 21:47:21 #15 type] 
Type domain.Event is not enhanced.

[2021-10-03 21:47:21 #16 type] 
Type domain.Admin is not enhanced.

------------------------------------------------------------------------------------------------------------------------

[2021-10-03 21:47:49 #1 store] 
Database '/Users/amaiaaristeguiiturraran/eclipse-workspace/is2/Bets21Azkena/src/main/resources/bets.temp' is opened by 1334@MacBook-Air-de-Amaia.local

[2021-10-03 21:47:49 #2 store] 
Configuration path: ?

[2021-10-03 21:47:50 #3 type] 
Type domain.Apustua is not enhanced.

[2021-10-03 21:47:50 #4 type] 
Type domain.Pronostikoa is not enhanced.

[2021-10-03 21:47:50 #5 type] 
Type domain.Pertsona is not enhanced.

[2021-10-03 21:47:50 #6 type] 
Type domain.Bezeroa is not enhanced.

[2021-10-03 21:47:50 #7 type] 
Type domain.Question is not enhanced.

[2021-10-03 21:47:50 #8 type] 
Type domain.ArretaElkarrizketa is not enhanced.

[2021-10-03 21:47:50 #9 type] 
Type domain.Errepikapena is not enhanced.

[2021-10-03 21:47:50 #10 type] 
Type domain.Mezua is not enhanced.

[2021-10-03 21:47:50 #11 type] 
Type domain.BezeroartekoMezua is not enhanced.

[2021-10-03 21:47:50 #12 type] 
Type domain.Mugimendua is not enhanced.

[2021-10-03 21:47:50 #13 type] 
Type domain.Event is not enhanced.

[2021-10-03 21:47:50 #14 type] 
Type domain.ArretaMezua is not enhanced.

[2021-10-03 21:47:50 #15 type] 
Type domain.Langilea is not enhanced.

[2021-10-03 21:47:53 #16 type] 
Type domain.Admin is not enhanced.

