------------------------------------------------------------------------------------------------------------------------

[2022-01-04 20:17:29 #1 store] 
Database '/Users/amaiaaristeguiiturraran/eclipse-workspace/is2/Bets21Azkena/src/main/resources/bets.temp' is opened by 3385@MacBook-Air-de-Amaia-3.local

[2022-01-04 20:17:29 #2 store] 
Configuration path: /Users/amaiaaristeguiiturraran/eclipse-workspace/is2/Bets21Azkena/lib/objectdb-2.8.6/objectdb.conf

[2022-01-04 20:17:29 #3 type] 
Type domain.Apustua is not enhanced.

[2022-01-04 20:17:29 #4 type] 
Type domain.Pronostikoa is not enhanced.

[2022-01-04 20:17:29 #5 type] 
Type domain.Pertsona is not enhanced.

[2022-01-04 20:17:29 #6 type] 
Type domain.Bezeroa is not enhanced.

[2022-01-04 20:17:29 #7 type] 
Type domain.Question is not enhanced.

[2022-01-04 20:17:29 #8 type] 
Type domain.ArretaElkarrizketa is not enhanced.

[2022-01-04 20:17:29 #9 type] 
Type domain.Errepikapena is not enhanced.

[2022-01-04 20:17:29 #10 type] 
Type domain.Mezua is not enhanced.

[2022-01-04 20:17:29 #11 type] 
Type domain.BezeroartekoMezua is not enhanced.

[2022-01-04 20:17:29 #12 type] 
Type domain.Mugimendua is not enhanced.

[2022-01-04 20:17:29 #13 type] 
Type domain.Event is not enhanced.

[2022-01-04 20:17:29 #14 type] 
Type domain.ArretaMezua is not enhanced.

[2022-01-04 20:17:29 #15 type] 
Type domain.Langilea is not enhanced.

[2022-01-04 20:17:29 #16 type] 
Type domain.Admin is not enhanced.

------------------------------------------------------------------------------------------------------------------------

[2022-01-04 20:17:57 #1 store] 
Database '/Users/amaiaaristeguiiturraran/eclipse-workspace/is2/Bets21Azkena/src/main/resources/bets.temp' is opened by 3392@MacBook-Air-de-Amaia-3.local

[2022-01-04 20:17:57 #2 store] 
Configuration path: /Users/amaiaaristeguiiturraran/eclipse-workspace/is2/Bets21Azkena/lib/objectdb-2.8.6/objectdb.conf

[2022-01-04 20:17:57 #3 type] 
Type domain.Apustua is not enhanced.

[2022-01-04 20:17:57 #4 type] 
Type domain.Pronostikoa is not enhanced.

[2022-01-04 20:17:57 #5 type] 
Type domain.Pertsona is not enhanced.

[2022-01-04 20:17:57 #6 type] 
Type domain.Bezeroa is not enhanced.

[2022-01-04 20:17:57 #7 type] 
Type domain.Question is not enhanced.

[2022-01-04 20:17:57 #8 type] 
Type domain.ArretaElkarrizketa is not enhanced.

[2022-01-04 20:17:57 #9 type] 
Type domain.Errepikapena is not enhanced.

[2022-01-04 20:17:57 #10 type] 
Type domain.Mezua is not enhanced.

[2022-01-04 20:17:57 #11 type] 
Type domain.BezeroartekoMezua is not enhanced.

[2022-01-04 20:17:57 #12 type] 
Type domain.Mugimendua is not enhanced.

[2022-01-04 20:17:57 #13 type] 
Type domain.Event is not enhanced.

[2022-01-04 20:17:57 #14 type] 
Type domain.ArretaMezua is not enhanced.

[2022-01-04 20:17:57 #15 type] 
Type domain.Langilea is not enhanced.

[2022-01-04 20:17:57 #16 type] 
Type domain.Admin is not enhanced.

