------------------------------------------------------------------------------------------------------------------------

[2021-10-14 22:40:44 #1 store] 
Database '/Users/amaiaaristeguiiturraran/eclipse-workspace/is2/Bets21Azkena/src/main/resources/bets.temp' is opened by 3290@MacBook-Air-de-Amaia.local

[2021-10-14 22:40:44 #2 store] 
Configuration path: /Users/amaiaaristeguiiturraran/eclipse-workspace/is2/Bets21Azkena/lib/objectdb-2.8.6/objectdb.conf

[2021-10-14 22:40:44 #3 type] 
Type domain.Apustua is not enhanced.

[2021-10-14 22:40:44 #4 type] 
Type domain.Pronostikoa is not enhanced.

[2021-10-14 22:40:44 #5 type] 
Type domain.Pertsona is not enhanced.

[2021-10-14 22:40:44 #6 type] 
Type domain.Bezeroa is not enhanced.

[2021-10-14 22:40:44 #7 type] 
Type domain.Question is not enhanced.

[2021-10-14 22:40:44 #8 type] 
Type domain.ArretaElkarrizketa is not enhanced.

[2021-10-14 22:40:44 #9 type] 
Type domain.Errepikapena is not enhanced.

[2021-10-14 22:40:44 #10 type] 
Type domain.Mezua is not enhanced.

[2021-10-14 22:40:44 #11 type] 
Type domain.BezeroartekoMezua is not enhanced.

[2021-10-14 22:40:44 #12 type] 
Type domain.Mugimendua is not enhanced.

[2021-10-14 22:40:44 #13 type] 
Type domain.Event is not enhanced.

[2021-10-14 22:40:44 #14 type] 
Type domain.ArretaMezua is not enhanced.

[2021-10-14 22:40:44 #15 type] 
Type domain.Langilea is not enhanced.

[2021-10-14 22:40:44 #16 type] 
Type domain.Admin is not enhanced.

------------------------------------------------------------------------------------------------------------------------

[2021-10-14 22:53:11 #1 store] 
Database '/Users/amaiaaristeguiiturraran/eclipse-workspace/is2/Bets21Azkena/src/main/resources/bets.temp' is opened by 3834@MacBook-Air-de-Amaia.local

[2021-10-14 22:53:11 #2 store] 
Configuration path: /Users/amaiaaristeguiiturraran/eclipse-workspace/is2/Bets21Azkena/lib/objectdb-2.8.6/objectdb.conf

[2021-10-14 22:53:11 #3 type] 
Type domain.Apustua is not enhanced.

[2021-10-14 22:53:11 #4 type] 
Type domain.Pronostikoa is not enhanced.

[2021-10-14 22:53:11 #5 type] 
Type domain.Pertsona is not enhanced.

[2021-10-14 22:53:11 #6 type] 
Type domain.Bezeroa is not enhanced.

[2021-10-14 22:53:11 #7 type] 
Type domain.Question is not enhanced.

[2021-10-14 22:53:11 #8 type] 
Type domain.ArretaElkarrizketa is not enhanced.

[2021-10-14 22:53:11 #9 type] 
Type domain.Errepikapena is not enhanced.

[2021-10-14 22:53:11 #10 type] 
Type domain.Mezua is not enhanced.

[2021-10-14 22:53:11 #11 type] 
Type domain.BezeroartekoMezua is not enhanced.

[2021-10-14 22:53:11 #12 type] 
Type domain.Mugimendua is not enhanced.

[2021-10-14 22:53:11 #13 type] 
Type domain.Event is not enhanced.

[2021-10-14 22:53:11 #14 type] 
Type domain.ArretaMezua is not enhanced.

[2021-10-14 22:53:11 #15 type] 
Type domain.Langilea is not enhanced.

[2021-10-14 22:53:11 #16 type] 
Type domain.Admin is not enhanced.

------------------------------------------------------------------------------------------------------------------------

[2021-10-14 22:53:32 #1 store] 
Database '/Users/amaiaaristeguiiturraran/eclipse-workspace/is2/Bets21Azkena/src/main/resources/bets.temp' is opened by 3838@MacBook-Air-de-Amaia.local

[2021-10-14 22:53:32 #2 store] 
Configuration path: /Users/amaiaaristeguiiturraran/eclipse-workspace/is2/Bets21Azkena/lib/objectdb-2.8.6/objectdb.conf

[2021-10-14 22:53:32 #3 type] 
Type domain.Apustua is not enhanced.

[2021-10-14 22:53:32 #4 type] 
Type domain.Pronostikoa is not enhanced.

[2021-10-14 22:53:32 #5 type] 
Type domain.Pertsona is not enhanced.

[2021-10-14 22:53:32 #6 type] 
Type domain.Bezeroa is not enhanced.

[2021-10-14 22:53:32 #7 type] 
Type domain.Question is not enhanced.

[2021-10-14 22:53:32 #8 type] 
Type domain.ArretaElkarrizketa is not enhanced.

[2021-10-14 22:53:32 #9 type] 
Type domain.Errepikapena is not enhanced.

[2021-10-14 22:53:32 #10 type] 
Type domain.Mezua is not enhanced.

[2021-10-14 22:53:32 #11 type] 
Type domain.BezeroartekoMezua is not enhanced.

[2021-10-14 22:53:32 #12 type] 
Type domain.Mugimendua is not enhanced.

[2021-10-14 22:53:32 #13 type] 
Type domain.Event is not enhanced.

[2021-10-14 22:53:32 #14 type] 
Type domain.ArretaMezua is not enhanced.

[2021-10-14 22:53:32 #15 type] 
Type domain.Langilea is not enhanced.

[2021-10-14 22:53:32 #16 type] 
Type domain.Admin is not enhanced.

------------------------------------------------------------------------------------------------------------------------

[2021-10-14 22:55:07 #1 store] 
Database '/Users/amaiaaristeguiiturraran/eclipse-workspace/is2/Bets21Azkena/src/main/resources/bets.temp' is opened by 3864@MacBook-Air-de-Amaia.local

[2021-10-14 22:55:07 #2 store] 
Configuration path: /Users/amaiaaristeguiiturraran/eclipse-workspace/is2/Bets21Azkena/lib/objectdb-2.8.6/objectdb.conf

[2021-10-14 22:55:08 #3 type] 
Type domain.Apustua is not enhanced.

[2021-10-14 22:55:08 #4 type] 
Type domain.Pronostikoa is not enhanced.

[2021-10-14 22:55:08 #5 type] 
Type domain.Pertsona is not enhanced.

[2021-10-14 22:55:08 #6 type] 
Type domain.Bezeroa is not enhanced.

[2021-10-14 22:55:08 #7 type] 
Type domain.Question is not enhanced.

[2021-10-14 22:55:08 #8 type] 
Type domain.ArretaElkarrizketa is not enhanced.

[2021-10-14 22:55:08 #9 type] 
Type domain.Errepikapena is not enhanced.

[2021-10-14 22:55:08 #10 type] 
Type domain.Mezua is not enhanced.

[2021-10-14 22:55:08 #11 type] 
Type domain.BezeroartekoMezua is not enhanced.

[2021-10-14 22:55:08 #12 type] 
Type domain.Mugimendua is not enhanced.

[2021-10-14 22:55:08 #13 type] 
Type domain.Event is not enhanced.

[2021-10-14 22:55:08 #14 type] 
Type domain.ArretaMezua is not enhanced.

[2021-10-14 22:55:08 #15 type] 
Type domain.Langilea is not enhanced.

[2021-10-14 22:55:08 #16 type] 
Type domain.Admin is not enhanced.

------------------------------------------------------------------------------------------------------------------------

[2021-10-14 22:56:04 #1 store] 
Database '/Users/amaiaaristeguiiturraran/eclipse-workspace/is2/Bets21Azkena/src/main/resources/bets.temp' is opened by 3876@MacBook-Air-de-Amaia.local

[2021-10-14 22:56:04 #2 store] 
Configuration path: /Users/amaiaaristeguiiturraran/eclipse-workspace/is2/Bets21Azkena/lib/objectdb-2.8.6/objectdb.conf

[2021-10-14 22:56:05 #3 type] 
Type domain.Apustua is not enhanced.

[2021-10-14 22:56:05 #4 type] 
Type domain.Pronostikoa is not enhanced.

[2021-10-14 22:56:05 #5 type] 
Type domain.Pertsona is not enhanced.

[2021-10-14 22:56:05 #6 type] 
Type domain.Bezeroa is not enhanced.

[2021-10-14 22:56:05 #7 type] 
Type domain.Question is not enhanced.

[2021-10-14 22:56:05 #8 type] 
Type domain.ArretaElkarrizketa is not enhanced.

[2021-10-14 22:56:05 #9 type] 
Type domain.Errepikapena is not enhanced.

[2021-10-14 22:56:05 #10 type] 
Type domain.Mezua is not enhanced.

[2021-10-14 22:56:05 #11 type] 
Type domain.BezeroartekoMezua is not enhanced.

[2021-10-14 22:56:05 #12 type] 
Type domain.Mugimendua is not enhanced.

[2021-10-14 22:56:05 #13 type] 
Type domain.Event is not enhanced.

[2021-10-14 22:56:05 #14 type] 
Type domain.ArretaMezua is not enhanced.

[2021-10-14 22:56:05 #15 type] 
Type domain.Langilea is not enhanced.

[2021-10-14 22:56:05 #16 type] 
Type domain.Admin is not enhanced.

------------------------------------------------------------------------------------------------------------------------

[2021-10-14 22:56:56 #1 store] 
Database '/Users/amaiaaristeguiiturraran/eclipse-workspace/is2/Bets21Azkena/src/main/resources/bets.temp' is opened by 3884@MacBook-Air-de-Amaia.local

[2021-10-14 22:56:56 #2 store] 
Configuration path: /Users/amaiaaristeguiiturraran/eclipse-workspace/is2/Bets21Azkena/lib/objectdb-2.8.6/objectdb.conf

[2021-10-14 22:56:56 #3 type] 
Type domain.Apustua is not enhanced.

[2021-10-14 22:56:56 #4 type] 
Type domain.Pronostikoa is not enhanced.

[2021-10-14 22:56:56 #5 type] 
Type domain.Pertsona is not enhanced.

[2021-10-14 22:56:56 #6 type] 
Type domain.Bezeroa is not enhanced.

[2021-10-14 22:56:56 #7 type] 
Type domain.Question is not enhanced.

[2021-10-14 22:56:56 #8 type] 
Type domain.ArretaElkarrizketa is not enhanced.

[2021-10-14 22:56:56 #9 type] 
Type domain.Errepikapena is not enhanced.

[2021-10-14 22:56:56 #10 type] 
Type domain.Mezua is not enhanced.

[2021-10-14 22:56:56 #11 type] 
Type domain.BezeroartekoMezua is not enhanced.

[2021-10-14 22:56:56 #12 type] 
Type domain.Mugimendua is not enhanced.

[2021-10-14 22:56:56 #13 type] 
Type domain.Event is not enhanced.

[2021-10-14 22:56:56 #14 type] 
Type domain.ArretaMezua is not enhanced.

[2021-10-14 22:56:56 #15 type] 
Type domain.Langilea is not enhanced.

[2021-10-14 22:56:56 #16 type] 
Type domain.Admin is not enhanced.

------------------------------------------------------------------------------------------------------------------------

[2021-10-14 22:57:58 #1 store] 
Database '/Users/amaiaaristeguiiturraran/eclipse-workspace/is2/Bets21Azkena/src/main/resources/bets.temp' is opened by 3892@MacBook-Air-de-Amaia.local

[2021-10-14 22:57:58 #2 store] 
Configuration path: /Users/amaiaaristeguiiturraran/eclipse-workspace/is2/Bets21Azkena/lib/objectdb-2.8.6/objectdb.conf

[2021-10-14 22:57:58 #3 type] 
Type domain.Pertsona is not enhanced.

[2021-10-14 22:57:58 #4 type] 
Type domain.Bezeroa is not enhanced.

[2021-10-14 22:57:58 #5 type] 
Type domain.ArretaElkarrizketa is not enhanced.

[2021-10-14 22:57:58 #6 type] 
Type domain.Errepikapena is not enhanced.

[2021-10-14 22:57:58 #7 type] 
Type domain.Mezua is not enhanced.

[2021-10-14 22:57:58 #8 type] 
Type domain.BezeroartekoMezua is not enhanced.

[2021-10-14 22:57:58 #9 type] 
Type domain.Apustua is not enhanced.

[2021-10-14 22:57:58 #10 type] 
Type domain.Mugimendua is not enhanced.

[2021-10-14 22:57:58 #11 type] 
Type domain.ArretaMezua is not enhanced.

[2021-10-14 22:57:58 #12 type] 
Type domain.Langilea is not enhanced.

[2021-10-14 22:57:58 #13 type] 
Type domain.Pronostikoa is not enhanced.

[2021-10-14 22:57:58 #14 type] 
Type domain.Question is not enhanced.

[2021-10-14 22:57:58 #15 type] 
Type domain.Event is not enhanced.

[2021-10-14 22:57:58 #16 type] 
Type domain.Admin is not enhanced.

------------------------------------------------------------------------------------------------------------------------

[2021-10-14 23:01:58 #1 store] 
Database '/Users/amaiaaristeguiiturraran/eclipse-workspace/is2/Bets21Azkena/src/main/resources/bets.temp' is opened by 3933@MacBook-Air-de-Amaia.local

[2021-10-14 23:01:58 #2 store] 
Configuration path: /Users/amaiaaristeguiiturraran/eclipse-workspace/is2/Bets21Azkena/lib/objectdb-2.8.6/objectdb.conf

[2021-10-14 23:01:58 #3 type] 
Type domain.Pertsona is not enhanced.

[2021-10-14 23:01:58 #4 type] 
Type domain.Bezeroa is not enhanced.

[2021-10-14 23:01:58 #5 type] 
Type domain.ArretaElkarrizketa is not enhanced.

[2021-10-14 23:01:58 #6 type] 
Type domain.Errepikapena is not enhanced.

[2021-10-14 23:01:58 #7 type] 
Type domain.Mezua is not enhanced.

[2021-10-14 23:01:58 #8 type] 
Type domain.BezeroartekoMezua is not enhanced.

[2021-10-14 23:01:58 #9 type] 
Type domain.Apustua is not enhanced.

[2021-10-14 23:01:58 #10 type] 
Type domain.Mugimendua is not enhanced.

[2021-10-14 23:01:58 #11 type] 
Type domain.ArretaMezua is not enhanced.

[2021-10-14 23:01:58 #12 type] 
Type domain.Langilea is not enhanced.

[2021-10-14 23:01:58 #13 type] 
Type domain.Pronostikoa is not enhanced.

[2021-10-14 23:01:58 #14 type] 
Type domain.Question is not enhanced.

[2021-10-14 23:01:58 #15 type] 
Type domain.Event is not enhanced.

[2021-10-14 23:01:59 #16 type] 
Type domain.Admin is not enhanced.

------------------------------------------------------------------------------------------------------------------------

[2021-10-14 23:02:20 #1 store] 
Database '/Users/amaiaaristeguiiturraran/eclipse-workspace/is2/Bets21Azkena/src/main/resources/bets.temp' is opened by 3938@MacBook-Air-de-Amaia.local

[2021-10-14 23:02:20 #2 store] 
Configuration path: /Users/amaiaaristeguiiturraran/eclipse-workspace/is2/Bets21Azkena/lib/objectdb-2.8.6/objectdb.conf

[2021-10-14 23:02:20 #3 type] 
Type domain.Pertsona is not enhanced.

[2021-10-14 23:02:20 #4 type] 
Type domain.Bezeroa is not enhanced.

[2021-10-14 23:02:20 #5 type] 
Type domain.ArretaElkarrizketa is not enhanced.

[2021-10-14 23:02:20 #6 type] 
Type domain.Errepikapena is not enhanced.

[2021-10-14 23:02:20 #7 type] 
Type domain.Mezua is not enhanced.

[2021-10-14 23:02:20 #8 type] 
Type domain.BezeroartekoMezua is not enhanced.

[2021-10-14 23:02:20 #9 type] 
Type domain.Apustua is not enhanced.

[2021-10-14 23:02:20 #10 type] 
Type domain.Mugimendua is not enhanced.

[2021-10-14 23:02:20 #11 type] 
Type domain.ArretaMezua is not enhanced.

[2021-10-14 23:02:20 #12 type] 
Type domain.Langilea is not enhanced.

[2021-10-14 23:02:20 #13 type] 
Type domain.Pronostikoa is not enhanced.

[2021-10-14 23:02:20 #14 type] 
Type domain.Question is not enhanced.

[2021-10-14 23:02:20 #15 type] 
Type domain.Event is not enhanced.

[2021-10-14 23:02:20 #16 type] 
Type domain.Admin is not enhanced.

------------------------------------------------------------------------------------------------------------------------

[2021-10-14 23:02:50 #1 store] 
Database '/Users/amaiaaristeguiiturraran/eclipse-workspace/is2/Bets21Azkena/src/main/resources/bets.temp' is opened by 3942@MacBook-Air-de-Amaia.local

[2021-10-14 23:02:50 #2 store] 
Configuration path: /Users/amaiaaristeguiiturraran/eclipse-workspace/is2/Bets21Azkena/lib/objectdb-2.8.6/objectdb.conf

[2021-10-14 23:02:51 #3 type] 
Type domain.Pertsona is not enhanced.

[2021-10-14 23:02:51 #4 type] 
Type domain.Bezeroa is not enhanced.

[2021-10-14 23:02:51 #5 type] 
Type domain.ArretaElkarrizketa is not enhanced.

[2021-10-14 23:02:51 #6 type] 
Type domain.Errepikapena is not enhanced.

[2021-10-14 23:02:51 #7 type] 
Type domain.Mezua is not enhanced.

[2021-10-14 23:02:51 #8 type] 
Type domain.BezeroartekoMezua is not enhanced.

[2021-10-14 23:02:51 #9 type] 
Type domain.Apustua is not enhanced.

[2021-10-14 23:02:51 #10 type] 
Type domain.Mugimendua is not enhanced.

[2021-10-14 23:02:51 #11 type] 
Type domain.ArretaMezua is not enhanced.

[2021-10-14 23:02:51 #12 type] 
Type domain.Langilea is not enhanced.

[2021-10-14 23:02:51 #13 type] 
Type domain.Pronostikoa is not enhanced.

[2021-10-14 23:02:51 #14 type] 
Type domain.Question is not enhanced.

[2021-10-14 23:02:51 #15 type] 
Type domain.Event is not enhanced.

[2021-10-14 23:02:51 #16 type] 
Type domain.Admin is not enhanced.

------------------------------------------------------------------------------------------------------------------------

[2021-10-14 23:03:27 #1 store] 
Database '/Users/amaiaaristeguiiturraran/eclipse-workspace/is2/Bets21Azkena/src/main/resources/bets.temp' is opened by 3963@MacBook-Air-de-Amaia.local

[2021-10-14 23:03:27 #2 store] 
Configuration path: /Users/amaiaaristeguiiturraran/eclipse-workspace/is2/Bets21Azkena/lib/objectdb-2.8.6/objectdb.conf

[2021-10-14 23:03:27 #3 type] 
Type domain.Pertsona is not enhanced.

[2021-10-14 23:03:27 #4 type] 
Type domain.Bezeroa is not enhanced.

[2021-10-14 23:03:27 #5 type] 
Type domain.ArretaElkarrizketa is not enhanced.

[2021-10-14 23:03:27 #6 type] 
Type domain.Errepikapena is not enhanced.

[2021-10-14 23:03:27 #7 type] 
Type domain.Mezua is not enhanced.

[2021-10-14 23:03:27 #8 type] 
Type domain.BezeroartekoMezua is not enhanced.

[2021-10-14 23:03:27 #9 type] 
Type domain.Apustua is not enhanced.

[2021-10-14 23:03:27 #10 type] 
Type domain.Mugimendua is not enhanced.

[2021-10-14 23:03:27 #11 type] 
Type domain.ArretaMezua is not enhanced.

[2021-10-14 23:03:27 #12 type] 
Type domain.Langilea is not enhanced.

[2021-10-14 23:03:27 #13 type] 
Type domain.Pronostikoa is not enhanced.

[2021-10-14 23:03:27 #14 type] 
Type domain.Question is not enhanced.

[2021-10-14 23:03:27 #15 type] 
Type domain.Event is not enhanced.

[2021-10-14 23:03:27 #16 type] 
Type domain.Admin is not enhanced.

------------------------------------------------------------------------------------------------------------------------

[2021-10-14 23:04:04 #1 store] 
Database '/Users/amaiaaristeguiiturraran/eclipse-workspace/is2/Bets21Azkena/src/main/resources/bets.temp' is opened by 3969@MacBook-Air-de-Amaia.local

[2021-10-14 23:04:04 #2 store] 
Configuration path: /Users/amaiaaristeguiiturraran/eclipse-workspace/is2/Bets21Azkena/lib/objectdb-2.8.6/objectdb.conf

[2021-10-14 23:04:04 #3 type] 
Type domain.Pertsona is not enhanced.

[2021-10-14 23:04:04 #4 type] 
Type domain.Bezeroa is not enhanced.

[2021-10-14 23:04:04 #5 type] 
Type domain.ArretaElkarrizketa is not enhanced.

[2021-10-14 23:04:04 #6 type] 
Type domain.Errepikapena is not enhanced.

[2021-10-14 23:04:04 #7 type] 
Type domain.Mezua is not enhanced.

[2021-10-14 23:04:04 #8 type] 
Type domain.BezeroartekoMezua is not enhanced.

[2021-10-14 23:04:04 #9 type] 
Type domain.Apustua is not enhanced.

[2021-10-14 23:04:04 #10 type] 
Type domain.Mugimendua is not enhanced.

[2021-10-14 23:04:04 #11 type] 
Type domain.ArretaMezua is not enhanced.

[2021-10-14 23:04:04 #12 type] 
Type domain.Langilea is not enhanced.

[2021-10-14 23:04:04 #13 type] 
Type domain.Pronostikoa is not enhanced.

[2021-10-14 23:04:04 #14 type] 
Type domain.Question is not enhanced.

[2021-10-14 23:04:04 #15 type] 
Type domain.Event is not enhanced.

[2021-10-14 23:04:04 #16 type] 
Type domain.Admin is not enhanced.

------------------------------------------------------------------------------------------------------------------------

[2021-10-14 23:04:28 #1 store] 
Database '/Users/amaiaaristeguiiturraran/eclipse-workspace/is2/Bets21Azkena/src/main/resources/bets.temp' is opened by 3972@MacBook-Air-de-Amaia.local

[2021-10-14 23:04:28 #2 store] 
Configuration path: /Users/amaiaaristeguiiturraran/eclipse-workspace/is2/Bets21Azkena/lib/objectdb-2.8.6/objectdb.conf

[2021-10-14 23:04:28 #3 type] 
Type domain.Pertsona is not enhanced.

[2021-10-14 23:04:29 #4 type] 
Type domain.Bezeroa is not enhanced.

[2021-10-14 23:04:29 #5 type] 
Type domain.ArretaElkarrizketa is not enhanced.

[2021-10-14 23:04:29 #6 type] 
Type domain.Errepikapena is not enhanced.

[2021-10-14 23:04:29 #7 type] 
Type domain.Mezua is not enhanced.

[2021-10-14 23:04:29 #8 type] 
Type domain.BezeroartekoMezua is not enhanced.

[2021-10-14 23:04:29 #9 type] 
Type domain.Apustua is not enhanced.

[2021-10-14 23:04:29 #10 type] 
Type domain.Mugimendua is not enhanced.

[2021-10-14 23:04:29 #11 type] 
Type domain.ArretaMezua is not enhanced.

[2021-10-14 23:04:29 #12 type] 
Type domain.Langilea is not enhanced.

[2021-10-14 23:04:29 #13 type] 
Type domain.Pronostikoa is not enhanced.

[2021-10-14 23:04:29 #14 type] 
Type domain.Question is not enhanced.

[2021-10-14 23:04:29 #15 type] 
Type domain.Event is not enhanced.

[2021-10-14 23:04:29 #16 type] 
Type domain.Admin is not enhanced.

------------------------------------------------------------------------------------------------------------------------

[2021-10-14 23:05:00 #1 store] 
Database '/Users/amaiaaristeguiiturraran/eclipse-workspace/is2/Bets21Azkena/src/main/resources/bets.temp' is opened by 3984@MacBook-Air-de-Amaia.local

[2021-10-14 23:05:00 #2 store] 
Configuration path: /Users/amaiaaristeguiiturraran/eclipse-workspace/is2/Bets21Azkena/lib/objectdb-2.8.6/objectdb.conf

[2021-10-14 23:05:00 #3 type] 
Type domain.Pertsona is not enhanced.

[2021-10-14 23:05:00 #4 type] 
Type domain.Bezeroa is not enhanced.

[2021-10-14 23:05:00 #5 type] 
Type domain.ArretaElkarrizketa is not enhanced.

[2021-10-14 23:05:00 #6 type] 
Type domain.Errepikapena is not enhanced.

[2021-10-14 23:05:00 #7 type] 
Type domain.Mezua is not enhanced.

[2021-10-14 23:05:00 #8 type] 
Type domain.BezeroartekoMezua is not enhanced.

[2021-10-14 23:05:00 #9 type] 
Type domain.Apustua is not enhanced.

[2021-10-14 23:05:00 #10 type] 
Type domain.Mugimendua is not enhanced.

[2021-10-14 23:05:00 #11 type] 
Type domain.ArretaMezua is not enhanced.

[2021-10-14 23:05:00 #12 type] 
Type domain.Langilea is not enhanced.

[2021-10-14 23:05:00 #13 type] 
Type domain.Pronostikoa is not enhanced.

[2021-10-14 23:05:00 #14 type] 
Type domain.Question is not enhanced.

[2021-10-14 23:05:00 #15 type] 
Type domain.Event is not enhanced.

[2021-10-14 23:05:00 #16 type] 
Type domain.Admin is not enhanced.

------------------------------------------------------------------------------------------------------------------------

[2021-10-14 23:23:59 #1 store] 
Database '/Users/amaiaaristeguiiturraran/eclipse-workspace/is2/Bets21Azkena/src/main/resources/bets.temp' is opened by 4247@MacBook-Air-de-Amaia.local

[2021-10-14 23:23:59 #2 store] 
Configuration path: /Users/amaiaaristeguiiturraran/eclipse-workspace/is2/Bets21Azkena/lib/objectdb-2.8.6/objectdb.conf

[2021-10-14 23:23:59 #3 type] 
Type domain.Pertsona is not enhanced.

[2021-10-14 23:24:00 #4 type] 
Type domain.Bezeroa is not enhanced.

[2021-10-14 23:24:00 #5 type] 
Type domain.ArretaElkarrizketa is not enhanced.

[2021-10-14 23:24:00 #6 type] 
Type domain.Errepikapena is not enhanced.

[2021-10-14 23:24:00 #7 type] 
Type domain.Mezua is not enhanced.

[2021-10-14 23:24:00 #8 type] 
Type domain.BezeroartekoMezua is not enhanced.

[2021-10-14 23:24:00 #9 type] 
Type domain.Apustua is not enhanced.

[2021-10-14 23:24:00 #10 type] 
Type domain.Mugimendua is not enhanced.

[2021-10-14 23:24:00 #11 type] 
Type domain.ArretaMezua is not enhanced.

[2021-10-14 23:24:00 #12 type] 
Type domain.Langilea is not enhanced.

[2021-10-14 23:24:00 #13 type] 
Type domain.Pronostikoa is not enhanced.

[2021-10-14 23:24:00 #14 type] 
Type domain.Question is not enhanced.

[2021-10-14 23:24:00 #15 type] 
Type domain.Event is not enhanced.

[2021-10-14 23:24:00 #16 type] 
Type domain.Admin is not enhanced.

------------------------------------------------------------------------------------------------------------------------

[2021-10-14 23:25:03 #1 store] 
Database '/Users/amaiaaristeguiiturraran/eclipse-workspace/is2/Bets21Azkena/src/main/resources/bets.temp' is opened by 4256@MacBook-Air-de-Amaia.local

[2021-10-14 23:25:03 #2 store] 
Configuration path: /Users/amaiaaristeguiiturraran/eclipse-workspace/is2/Bets21Azkena/lib/objectdb-2.8.6/objectdb.conf

[2021-10-14 23:25:03 #3 type] 
Type domain.Pertsona is not enhanced.

[2021-10-14 23:25:03 #4 type] 
Type domain.Bezeroa is not enhanced.

[2021-10-14 23:25:03 #5 type] 
Type domain.ArretaElkarrizketa is not enhanced.

[2021-10-14 23:25:03 #6 type] 
Type domain.Errepikapena is not enhanced.

[2021-10-14 23:25:03 #7 type] 
Type domain.Mezua is not enhanced.

[2021-10-14 23:25:03 #8 type] 
Type domain.BezeroartekoMezua is not enhanced.

[2021-10-14 23:25:03 #9 type] 
Type domain.Apustua is not enhanced.

[2021-10-14 23:25:03 #10 type] 
Type domain.Mugimendua is not enhanced.

[2021-10-14 23:25:03 #11 type] 
Type domain.ArretaMezua is not enhanced.

[2021-10-14 23:25:03 #12 type] 
Type domain.Langilea is not enhanced.

[2021-10-14 23:25:03 #13 type] 
Type domain.Pronostikoa is not enhanced.

[2021-10-14 23:25:03 #14 type] 
Type domain.Question is not enhanced.

[2021-10-14 23:25:03 #15 type] 
Type domain.Event is not enhanced.

[2021-10-14 23:25:03 #16 type] 
Type domain.Admin is not enhanced.

------------------------------------------------------------------------------------------------------------------------

[2021-10-14 23:30:38 #1 store] 
Database '/Users/amaiaaristeguiiturraran/eclipse-workspace/is2/Bets21Azkena/src/main/resources/bets.temp' is opened by 4318@MacBook-Air-de-Amaia.local

[2021-10-14 23:30:38 #2 store] 
Configuration path: /Users/amaiaaristeguiiturraran/eclipse-workspace/is2/Bets21Azkena/lib/objectdb-2.8.6/objectdb.conf

[2021-10-14 23:30:39 #3 type] 
Type domain.Pertsona is not enhanced.

[2021-10-14 23:30:39 #4 type] 
Type domain.Bezeroa is not enhanced.

[2021-10-14 23:30:39 #5 type] 
Type domain.ArretaElkarrizketa is not enhanced.

[2021-10-14 23:30:39 #6 type] 
Type domain.Errepikapena is not enhanced.

[2021-10-14 23:30:39 #7 type] 
Type domain.Mezua is not enhanced.

[2021-10-14 23:30:39 #8 type] 
Type domain.BezeroartekoMezua is not enhanced.

[2021-10-14 23:30:39 #9 type] 
Type domain.Apustua is not enhanced.

[2021-10-14 23:30:39 #10 type] 
Type domain.Mugimendua is not enhanced.

[2021-10-14 23:30:39 #11 type] 
Type domain.ArretaMezua is not enhanced.

[2021-10-14 23:30:39 #12 type] 
Type domain.Langilea is not enhanced.

[2021-10-14 23:30:39 #13 type] 
Type domain.Pronostikoa is not enhanced.

[2021-10-14 23:30:39 #14 type] 
Type domain.Question is not enhanced.

[2021-10-14 23:30:39 #15 type] 
Type domain.Event is not enhanced.

[2021-10-14 23:30:39 #16 type] 
Type domain.Admin is not enhanced.

------------------------------------------------------------------------------------------------------------------------

[2021-10-14 23:32:04 #1 store] 
Database '/Users/amaiaaristeguiiturraran/eclipse-workspace/is2/Bets21Azkena/src/main/resources/bets.temp' is opened by 4339@MacBook-Air-de-Amaia.local

[2021-10-14 23:32:04 #2 store] 
Configuration path: /Users/amaiaaristeguiiturraran/eclipse-workspace/is2/Bets21Azkena/lib/objectdb-2.8.6/objectdb.conf

[2021-10-14 23:32:04 #3 type] 
Type domain.Pertsona is not enhanced.

[2021-10-14 23:32:05 #4 type] 
Type domain.Bezeroa is not enhanced.

[2021-10-14 23:32:05 #5 type] 
Type domain.ArretaElkarrizketa is not enhanced.

[2021-10-14 23:32:05 #6 type] 
Type domain.Errepikapena is not enhanced.

[2021-10-14 23:32:05 #7 type] 
Type domain.Mezua is not enhanced.

[2021-10-14 23:32:05 #8 type] 
Type domain.BezeroartekoMezua is not enhanced.

[2021-10-14 23:32:05 #9 type] 
Type domain.Apustua is not enhanced.

[2021-10-14 23:32:05 #10 type] 
Type domain.Mugimendua is not enhanced.

[2021-10-14 23:32:05 #11 type] 
Type domain.ArretaMezua is not enhanced.

[2021-10-14 23:32:05 #12 type] 
Type domain.Langilea is not enhanced.

[2021-10-14 23:32:05 #13 type] 
Type domain.Pronostikoa is not enhanced.

[2021-10-14 23:32:05 #14 type] 
Type domain.Question is not enhanced.

[2021-10-14 23:32:05 #15 type] 
Type domain.Event is not enhanced.

[2021-10-14 23:32:05 #16 type] 
Type domain.Admin is not enhanced.

------------------------------------------------------------------------------------------------------------------------

[2021-10-14 23:33:17 #1 store] 
Database '/Users/amaiaaristeguiiturraran/eclipse-workspace/is2/Bets21Azkena/src/main/resources/bets.temp' is opened by 4349@MacBook-Air-de-Amaia.local

[2021-10-14 23:33:17 #2 store] 
Configuration path: /Users/amaiaaristeguiiturraran/eclipse-workspace/is2/Bets21Azkena/lib/objectdb-2.8.6/objectdb.conf

[2021-10-14 23:33:17 #3 type] 
Type domain.Pertsona is not enhanced.

[2021-10-14 23:33:17 #4 type] 
Type domain.Bezeroa is not enhanced.

[2021-10-14 23:33:17 #5 type] 
Type domain.ArretaElkarrizketa is not enhanced.

[2021-10-14 23:33:17 #6 type] 
Type domain.Errepikapena is not enhanced.

[2021-10-14 23:33:17 #7 type] 
Type domain.Mezua is not enhanced.

[2021-10-14 23:33:17 #8 type] 
Type domain.BezeroartekoMezua is not enhanced.

[2021-10-14 23:33:17 #9 type] 
Type domain.Apustua is not enhanced.

[2021-10-14 23:33:17 #10 type] 
Type domain.Mugimendua is not enhanced.

[2021-10-14 23:33:17 #11 type] 
Type domain.ArretaMezua is not enhanced.

[2021-10-14 23:33:17 #12 type] 
Type domain.Langilea is not enhanced.

[2021-10-14 23:33:17 #13 type] 
Type domain.Pronostikoa is not enhanced.

[2021-10-14 23:33:18 #14 type] 
Type domain.Question is not enhanced.

[2021-10-14 23:33:18 #15 type] 
Type domain.Event is not enhanced.

[2021-10-14 23:33:18 #16 type] 
Type domain.Admin is not enhanced.

------------------------------------------------------------------------------------------------------------------------

[2021-10-14 23:33:42 #1 store] 
Database '/Users/amaiaaristeguiiturraran/eclipse-workspace/is2/Bets21Azkena/src/main/resources/bets.temp' is opened by 4355@MacBook-Air-de-Amaia.local

[2021-10-14 23:33:42 #2 store] 
Configuration path: /Users/amaiaaristeguiiturraran/eclipse-workspace/is2/Bets21Azkena/lib/objectdb-2.8.6/objectdb.conf

[2021-10-14 23:33:42 #3 type] 
Type domain.Pertsona is not enhanced.

[2021-10-14 23:33:43 #4 type] 
Type domain.Bezeroa is not enhanced.

[2021-10-14 23:33:43 #5 type] 
Type domain.ArretaElkarrizketa is not enhanced.

[2021-10-14 23:33:43 #6 type] 
Type domain.Errepikapena is not enhanced.

[2021-10-14 23:33:43 #7 type] 
Type domain.Mezua is not enhanced.

[2021-10-14 23:33:43 #8 type] 
Type domain.BezeroartekoMezua is not enhanced.

[2021-10-14 23:33:43 #9 type] 
Type domain.Apustua is not enhanced.

[2021-10-14 23:33:43 #10 type] 
Type domain.Mugimendua is not enhanced.

[2021-10-14 23:33:43 #11 type] 
Type domain.ArretaMezua is not enhanced.

[2021-10-14 23:33:43 #12 type] 
Type domain.Langilea is not enhanced.

[2021-10-14 23:33:43 #13 type] 
Type domain.Pronostikoa is not enhanced.

[2021-10-14 23:33:43 #14 type] 
Type domain.Question is not enhanced.

[2021-10-14 23:33:43 #15 type] 
Type domain.Event is not enhanced.

[2021-10-14 23:33:43 #16 type] 
Type domain.Admin is not enhanced.

------------------------------------------------------------------------------------------------------------------------

[2021-10-14 23:34:03 #1 store] 
Database '/Users/amaiaaristeguiiturraran/eclipse-workspace/is2/Bets21Azkena/src/main/resources/bets.temp' is opened by 4358@MacBook-Air-de-Amaia.local

[2021-10-14 23:34:03 #2 store] 
Configuration path: /Users/amaiaaristeguiiturraran/eclipse-workspace/is2/Bets21Azkena/lib/objectdb-2.8.6/objectdb.conf

[2021-10-14 23:34:03 #3 type] 
Type domain.Pertsona is not enhanced.

[2021-10-14 23:34:03 #4 type] 
Type domain.Bezeroa is not enhanced.

[2021-10-14 23:34:03 #5 type] 
Type domain.ArretaElkarrizketa is not enhanced.

[2021-10-14 23:34:03 #6 type] 
Type domain.Errepikapena is not enhanced.

[2021-10-14 23:34:03 #7 type] 
Type domain.Mezua is not enhanced.

[2021-10-14 23:34:03 #8 type] 
Type domain.BezeroartekoMezua is not enhanced.

[2021-10-14 23:34:03 #9 type] 
Type domain.Apustua is not enhanced.

[2021-10-14 23:34:03 #10 type] 
Type domain.Mugimendua is not enhanced.

[2021-10-14 23:34:03 #11 type] 
Type domain.ArretaMezua is not enhanced.

[2021-10-14 23:34:03 #12 type] 
Type domain.Langilea is not enhanced.

[2021-10-14 23:34:03 #13 type] 
Type domain.Pronostikoa is not enhanced.

[2021-10-14 23:34:03 #14 type] 
Type domain.Question is not enhanced.

[2021-10-14 23:34:03 #15 type] 
Type domain.Event is not enhanced.

[2021-10-14 23:34:04 #16 type] 
Type domain.Admin is not enhanced.

------------------------------------------------------------------------------------------------------------------------

[2021-10-14 23:35:32 #1 store] 
Database '/Users/amaiaaristeguiiturraran/eclipse-workspace/is2/Bets21Azkena/src/main/resources/bets.temp' is opened by 4376@MacBook-Air-de-Amaia.local

[2021-10-14 23:35:32 #2 store] 
Configuration path: /Users/amaiaaristeguiiturraran/eclipse-workspace/is2/Bets21Azkena/lib/objectdb-2.8.6/objectdb.conf

[2021-10-14 23:35:32 #3 type] 
Type domain.Pertsona is not enhanced.

[2021-10-14 23:35:32 #4 type] 
Type domain.Bezeroa is not enhanced.

[2021-10-14 23:35:32 #5 type] 
Type domain.ArretaElkarrizketa is not enhanced.

[2021-10-14 23:35:33 #6 type] 
Type domain.Errepikapena is not enhanced.

[2021-10-14 23:35:33 #7 type] 
Type domain.Mezua is not enhanced.

[2021-10-14 23:35:33 #8 type] 
Type domain.BezeroartekoMezua is not enhanced.

[2021-10-14 23:35:33 #9 type] 
Type domain.Apustua is not enhanced.

[2021-10-14 23:35:33 #10 type] 
Type domain.Mugimendua is not enhanced.

[2021-10-14 23:35:33 #11 type] 
Type domain.ArretaMezua is not enhanced.

[2021-10-14 23:35:33 #12 type] 
Type domain.Langilea is not enhanced.

[2021-10-14 23:35:33 #13 type] 
Type domain.Pronostikoa is not enhanced.

[2021-10-14 23:35:33 #14 type] 
Type domain.Question is not enhanced.

[2021-10-14 23:35:33 #15 type] 
Type domain.Event is not enhanced.

[2021-10-14 23:35:33 #16 type] 
Type domain.Admin is not enhanced.

------------------------------------------------------------------------------------------------------------------------

[2021-10-14 23:36:09 #1 store] 
Database '/Users/amaiaaristeguiiturraran/eclipse-workspace/is2/Bets21Azkena/src/main/resources/bets.temp' is opened by 4380@MacBook-Air-de-Amaia.local

[2021-10-14 23:36:09 #2 store] 
Configuration path: /Users/amaiaaristeguiiturraran/eclipse-workspace/is2/Bets21Azkena/lib/objectdb-2.8.6/objectdb.conf

[2021-10-14 23:36:10 #3 type] 
Type domain.Pertsona is not enhanced.

[2021-10-14 23:36:10 #4 type] 
Type domain.Bezeroa is not enhanced.

[2021-10-14 23:36:10 #5 type] 
Type domain.ArretaElkarrizketa is not enhanced.

[2021-10-14 23:36:10 #6 type] 
Type domain.Errepikapena is not enhanced.

[2021-10-14 23:36:10 #7 type] 
Type domain.Mezua is not enhanced.

[2021-10-14 23:36:10 #8 type] 
Type domain.BezeroartekoMezua is not enhanced.

[2021-10-14 23:36:10 #9 type] 
Type domain.Apustua is not enhanced.

[2021-10-14 23:36:10 #10 type] 
Type domain.Mugimendua is not enhanced.

[2021-10-14 23:36:10 #11 type] 
Type domain.ArretaMezua is not enhanced.

[2021-10-14 23:36:10 #12 type] 
Type domain.Langilea is not enhanced.

[2021-10-14 23:36:10 #13 type] 
Type domain.Pronostikoa is not enhanced.

[2021-10-14 23:36:10 #14 type] 
Type domain.Question is not enhanced.

[2021-10-14 23:36:10 #15 type] 
Type domain.Event is not enhanced.

[2021-10-14 23:36:10 #16 type] 
Type domain.Admin is not enhanced.

------------------------------------------------------------------------------------------------------------------------

[2021-10-14 23:43:45 #1 store] 
Database '/Users/amaiaaristeguiiturraran/eclipse-workspace/is2/Bets21Azkena/src/main/resources/bets.temp' is opened by 4512@MacBook-Air-de-Amaia.local

[2021-10-14 23:43:45 #2 store] 
Configuration path: /Users/amaiaaristeguiiturraran/eclipse-workspace/is2/Bets21Azkena/lib/objectdb-2.8.6/objectdb.conf

[2021-10-14 23:43:45 #3 type] 
Type domain.Pertsona is not enhanced.

[2021-10-14 23:43:45 #4 type] 
Type domain.Bezeroa is not enhanced.

[2021-10-14 23:43:45 #5 type] 
Type domain.ArretaElkarrizketa is not enhanced.

[2021-10-14 23:43:45 #6 type] 
Type domain.Errepikapena is not enhanced.

[2021-10-14 23:43:45 #7 type] 
Type domain.Mezua is not enhanced.

[2021-10-14 23:43:45 #8 type] 
Type domain.BezeroartekoMezua is not enhanced.

[2021-10-14 23:43:45 #9 type] 
Type domain.Apustua is not enhanced.

[2021-10-14 23:43:45 #10 type] 
Type domain.Mugimendua is not enhanced.

[2021-10-14 23:43:45 #11 type] 
Type domain.ArretaMezua is not enhanced.

[2021-10-14 23:43:45 #12 type] 
Type domain.Langilea is not enhanced.

[2021-10-14 23:43:45 #13 type] 
Type domain.Pronostikoa is not enhanced.

[2021-10-14 23:43:45 #14 type] 
Type domain.Question is not enhanced.

[2021-10-14 23:43:45 #15 type] 
Type domain.Event is not enhanced.

[2021-10-14 23:43:45 #16 type] 
Type domain.Admin is not enhanced.

------------------------------------------------------------------------------------------------------------------------

[2021-10-14 23:44:21 #1 store] 
Database '/Users/amaiaaristeguiiturraran/eclipse-workspace/is2/Bets21Azkena/src/main/resources/bets.temp' is opened by 4517@MacBook-Air-de-Amaia.local

[2021-10-14 23:44:22 #2 store] 
Configuration path: /Users/amaiaaristeguiiturraran/eclipse-workspace/is2/Bets21Azkena/lib/objectdb-2.8.6/objectdb.conf

[2021-10-14 23:44:22 #3 type] 
Type domain.Pertsona is not enhanced.

[2021-10-14 23:44:22 #4 type] 
Type domain.Bezeroa is not enhanced.

[2021-10-14 23:44:22 #5 type] 
Type domain.ArretaElkarrizketa is not enhanced.

[2021-10-14 23:44:22 #6 type] 
Type domain.Errepikapena is not enhanced.

[2021-10-14 23:44:22 #7 type] 
Type domain.Mezua is not enhanced.

[2021-10-14 23:44:22 #8 type] 
Type domain.BezeroartekoMezua is not enhanced.

[2021-10-14 23:44:22 #9 type] 
Type domain.Apustua is not enhanced.

[2021-10-14 23:44:22 #10 type] 
Type domain.Mugimendua is not enhanced.

[2021-10-14 23:44:22 #11 type] 
Type domain.ArretaMezua is not enhanced.

[2021-10-14 23:44:22 #12 type] 
Type domain.Langilea is not enhanced.

[2021-10-14 23:44:22 #13 type] 
Type domain.Pronostikoa is not enhanced.

[2021-10-14 23:44:22 #14 type] 
Type domain.Question is not enhanced.

[2021-10-14 23:44:22 #15 type] 
Type domain.Event is not enhanced.

[2021-10-14 23:44:22 #16 type] 
Type domain.Admin is not enhanced.

------------------------------------------------------------------------------------------------------------------------

[2021-10-14 23:46:52 #1 store] 
Database '/Users/amaiaaristeguiiturraran/eclipse-workspace/is2/Bets21Azkena/src/main/resources/bets.temp' is opened by 4544@MacBook-Air-de-Amaia.local

[2021-10-14 23:46:52 #2 store] 
Configuration path: /Users/amaiaaristeguiiturraran/eclipse-workspace/is2/Bets21Azkena/lib/objectdb-2.8.6/objectdb.conf

[2021-10-14 23:46:53 #3 type] 
Type domain.Pertsona is not enhanced.

[2021-10-14 23:46:53 #4 type] 
Type domain.Bezeroa is not enhanced.

[2021-10-14 23:46:53 #5 type] 
Type domain.ArretaElkarrizketa is not enhanced.

[2021-10-14 23:46:53 #6 type] 
Type domain.Errepikapena is not enhanced.

[2021-10-14 23:46:53 #7 type] 
Type domain.Mezua is not enhanced.

[2021-10-14 23:46:53 #8 type] 
Type domain.BezeroartekoMezua is not enhanced.

[2021-10-14 23:46:53 #9 type] 
Type domain.Apustua is not enhanced.

[2021-10-14 23:46:53 #10 type] 
Type domain.Mugimendua is not enhanced.

[2021-10-14 23:46:53 #11 type] 
Type domain.ArretaMezua is not enhanced.

[2021-10-14 23:46:53 #12 type] 
Type domain.Langilea is not enhanced.

[2021-10-14 23:46:53 #13 type] 
Type domain.Pronostikoa is not enhanced.

[2021-10-14 23:46:53 #14 type] 
Type domain.Question is not enhanced.

[2021-10-14 23:46:53 #15 type] 
Type domain.Event is not enhanced.

[2021-10-14 23:46:53 #16 type] 
Type domain.Admin is not enhanced.

------------------------------------------------------------------------------------------------------------------------

[2021-10-14 23:48:28 #1 store] 
Database '/Users/amaiaaristeguiiturraran/eclipse-workspace/is2/Bets21Azkena/src/main/resources/bets.temp' is opened by 4560@MacBook-Air-de-Amaia.local

[2021-10-14 23:48:28 #2 store] 
Configuration path: /Users/amaiaaristeguiiturraran/eclipse-workspace/is2/Bets21Azkena/lib/objectdb-2.8.6/objectdb.conf

[2021-10-14 23:48:28 #3 type] 
Type domain.Apustua is not enhanced.

[2021-10-14 23:48:28 #4 type] 
Type domain.Pronostikoa is not enhanced.

[2021-10-14 23:48:28 #5 type] 
Type domain.Pertsona is not enhanced.

[2021-10-14 23:48:28 #6 type] 
Type domain.Bezeroa is not enhanced.

[2021-10-14 23:48:28 #7 type] 
Type domain.Question is not enhanced.

[2021-10-14 23:48:28 #8 type] 
Type domain.ArretaElkarrizketa is not enhanced.

[2021-10-14 23:48:28 #9 type] 
Type domain.Errepikapena is not enhanced.

[2021-10-14 23:48:28 #10 type] 
Type domain.Mezua is not enhanced.

[2021-10-14 23:48:28 #11 type] 
Type domain.BezeroartekoMezua is not enhanced.

[2021-10-14 23:48:28 #12 type] 
Type domain.Mugimendua is not enhanced.

[2021-10-14 23:48:28 #13 type] 
Type domain.Event is not enhanced.

[2021-10-14 23:48:28 #14 type] 
Type domain.ArretaMezua is not enhanced.

[2021-10-14 23:48:28 #15 type] 
Type domain.Langilea is not enhanced.

[2021-10-14 23:48:28 #16 type] 
Type domain.Admin is not enhanced.

------------------------------------------------------------------------------------------------------------------------

[2021-10-14 23:49:40 #1 store] 
Database '/Users/amaiaaristeguiiturraran/eclipse-workspace/is2/Bets21Azkena/src/main/resources/bets.temp' is opened by 4571@MacBook-Air-de-Amaia.local

[2021-10-14 23:49:40 #2 store] 
Configuration path: /Users/amaiaaristeguiiturraran/eclipse-workspace/is2/Bets21Azkena/lib/objectdb-2.8.6/objectdb.conf

[2021-10-14 23:49:40 #3 type] 
Type domain.Apustua is not enhanced.

[2021-10-14 23:49:40 #4 type] 
Type domain.Pronostikoa is not enhanced.

[2021-10-14 23:49:40 #5 type] 
Type domain.Pertsona is not enhanced.

[2021-10-14 23:49:40 #6 type] 
Type domain.Bezeroa is not enhanced.

[2021-10-14 23:49:40 #7 type] 
Type domain.Question is not enhanced.

[2021-10-14 23:49:40 #8 type] 
Type domain.ArretaElkarrizketa is not enhanced.

[2021-10-14 23:49:40 #9 type] 
Type domain.Errepikapena is not enhanced.

[2021-10-14 23:49:40 #10 type] 
Type domain.Mezua is not enhanced.

[2021-10-14 23:49:40 #11 type] 
Type domain.BezeroartekoMezua is not enhanced.

[2021-10-14 23:49:40 #12 type] 
Type domain.Mugimendua is not enhanced.

[2021-10-14 23:49:40 #13 type] 
Type domain.Event is not enhanced.

[2021-10-14 23:49:40 #14 type] 
Type domain.ArretaMezua is not enhanced.

[2021-10-14 23:49:40 #15 type] 
Type domain.Langilea is not enhanced.

[2021-10-14 23:49:40 #16 type] 
Type domain.Admin is not enhanced.

------------------------------------------------------------------------------------------------------------------------

[2021-10-14 23:50:45 #1 store] 
Database '/Users/amaiaaristeguiiturraran/eclipse-workspace/is2/Bets21Azkena/src/main/resources/bets.temp' is opened by 4583@MacBook-Air-de-Amaia.local

[2021-10-14 23:50:45 #2 store] 
Configuration path: /Users/amaiaaristeguiiturraran/eclipse-workspace/is2/Bets21Azkena/lib/objectdb-2.8.6/objectdb.conf

[2021-10-14 23:50:45 #3 type] 
Type domain.Apustua is not enhanced.

[2021-10-14 23:50:45 #4 type] 
Type domain.Pronostikoa is not enhanced.

[2021-10-14 23:50:45 #5 type] 
Type domain.Pertsona is not enhanced.

[2021-10-14 23:50:45 #6 type] 
Type domain.Bezeroa is not enhanced.

[2021-10-14 23:50:45 #7 type] 
Type domain.Question is not enhanced.

[2021-10-14 23:50:45 #8 type] 
Type domain.ArretaElkarrizketa is not enhanced.

[2021-10-14 23:50:45 #9 type] 
Type domain.Errepikapena is not enhanced.

[2021-10-14 23:50:45 #10 type] 
Type domain.Mezua is not enhanced.

[2021-10-14 23:50:45 #11 type] 
Type domain.BezeroartekoMezua is not enhanced.

[2021-10-14 23:50:45 #12 type] 
Type domain.Mugimendua is not enhanced.

[2021-10-14 23:50:45 #13 type] 
Type domain.Event is not enhanced.

[2021-10-14 23:50:45 #14 type] 
Type domain.ArretaMezua is not enhanced.

[2021-10-14 23:50:45 #15 type] 
Type domain.Langilea is not enhanced.

[2021-10-14 23:50:45 #16 type] 
Type domain.Admin is not enhanced.

------------------------------------------------------------------------------------------------------------------------

[2021-10-14 23:51:19 #1 store] 
Database '/Users/amaiaaristeguiiturraran/eclipse-workspace/is2/Bets21Azkena/src/main/resources/bets.temp' is opened by 4588@MacBook-Air-de-Amaia.local

[2021-10-14 23:51:19 #2 store] 
Configuration path: /Users/amaiaaristeguiiturraran/eclipse-workspace/is2/Bets21Azkena/lib/objectdb-2.8.6/objectdb.conf

[2021-10-14 23:51:19 #3 type] 
Type domain.Apustua is not enhanced.

[2021-10-14 23:51:19 #4 type] 
Type domain.Pronostikoa is not enhanced.

[2021-10-14 23:51:19 #5 type] 
Type domain.Pertsona is not enhanced.

[2021-10-14 23:51:19 #6 type] 
Type domain.Bezeroa is not enhanced.

[2021-10-14 23:51:19 #7 type] 
Type domain.Question is not enhanced.

[2021-10-14 23:51:19 #8 type] 
Type domain.ArretaElkarrizketa is not enhanced.

[2021-10-14 23:51:19 #9 type] 
Type domain.Errepikapena is not enhanced.

[2021-10-14 23:51:19 #10 type] 
Type domain.Mezua is not enhanced.

[2021-10-14 23:51:19 #11 type] 
Type domain.BezeroartekoMezua is not enhanced.

[2021-10-14 23:51:19 #12 type] 
Type domain.Mugimendua is not enhanced.

[2021-10-14 23:51:19 #13 type] 
Type domain.Event is not enhanced.

[2021-10-14 23:51:19 #14 type] 
Type domain.ArretaMezua is not enhanced.

[2021-10-14 23:51:19 #15 type] 
Type domain.Langilea is not enhanced.

[2021-10-14 23:51:19 #16 type] 
Type domain.Admin is not enhanced.

------------------------------------------------------------------------------------------------------------------------

[2021-10-14 23:56:00 #1 store] 
Database '/Users/amaiaaristeguiiturraran/eclipse-workspace/is2/Bets21Azkena/src/main/resources/bets.temp' is opened by 4640@MacBook-Air-de-Amaia.local

[2021-10-14 23:56:00 #2 store] 
Configuration path: /Users/amaiaaristeguiiturraran/eclipse-workspace/is2/Bets21Azkena/lib/objectdb-2.8.6/objectdb.conf

[2021-10-14 23:56:01 #3 type] 
Type domain.Apustua is not enhanced.

[2021-10-14 23:56:01 #4 type] 
Type domain.Pronostikoa is not enhanced.

[2021-10-14 23:56:01 #5 type] 
Type domain.Pertsona is not enhanced.

[2021-10-14 23:56:01 #6 type] 
Type domain.Bezeroa is not enhanced.

[2021-10-14 23:56:01 #7 type] 
Type domain.Question is not enhanced.

[2021-10-14 23:56:01 #8 type] 
Type domain.ArretaElkarrizketa is not enhanced.

[2021-10-14 23:56:01 #9 type] 
Type domain.Errepikapena is not enhanced.

[2021-10-14 23:56:01 #10 type] 
Type domain.Mezua is not enhanced.

[2021-10-14 23:56:01 #11 type] 
Type domain.BezeroartekoMezua is not enhanced.

[2021-10-14 23:56:01 #12 type] 
Type domain.Mugimendua is not enhanced.

[2021-10-14 23:56:01 #13 type] 
Type domain.Event is not enhanced.

[2021-10-14 23:56:01 #14 type] 
Type domain.ArretaMezua is not enhanced.

[2021-10-14 23:56:01 #15 type] 
Type domain.Langilea is not enhanced.

[2021-10-14 23:56:01 #16 type] 
Type domain.Admin is not enhanced.

------------------------------------------------------------------------------------------------------------------------

[2021-10-14 23:56:14 #1 store] 
Database '/Users/amaiaaristeguiiturraran/eclipse-workspace/is2/Bets21Azkena/src/main/resources/bets.temp' is opened by 4644@MacBook-Air-de-Amaia.local

[2021-10-14 23:56:14 #2 store] 
Configuration path: /Users/amaiaaristeguiiturraran/eclipse-workspace/is2/Bets21Azkena/lib/objectdb-2.8.6/objectdb.conf

[2021-10-14 23:56:15 #3 type] 
Type domain.Apustua is not enhanced.

[2021-10-14 23:56:15 #4 type] 
Type domain.Pronostikoa is not enhanced.

[2021-10-14 23:56:15 #5 type] 
Type domain.Pertsona is not enhanced.

[2021-10-14 23:56:15 #6 type] 
Type domain.Bezeroa is not enhanced.

[2021-10-14 23:56:15 #7 type] 
Type domain.Question is not enhanced.

[2021-10-14 23:56:15 #8 type] 
Type domain.ArretaElkarrizketa is not enhanced.

[2021-10-14 23:56:15 #9 type] 
Type domain.Errepikapena is not enhanced.

[2021-10-14 23:56:15 #10 type] 
Type domain.Mezua is not enhanced.

[2021-10-14 23:56:15 #11 type] 
Type domain.BezeroartekoMezua is not enhanced.

[2021-10-14 23:56:15 #12 type] 
Type domain.Mugimendua is not enhanced.

[2021-10-14 23:56:15 #13 type] 
Type domain.Event is not enhanced.

[2021-10-14 23:56:15 #14 type] 
Type domain.ArretaMezua is not enhanced.

[2021-10-14 23:56:15 #15 type] 
Type domain.Langilea is not enhanced.

[2021-10-14 23:56:15 #16 type] 
Type domain.Admin is not enhanced.

------------------------------------------------------------------------------------------------------------------------

[2021-10-14 23:56:28 #1 store] 
Database '/Users/amaiaaristeguiiturraran/eclipse-workspace/is2/Bets21Azkena/src/main/resources/bets.temp' is opened by 4647@MacBook-Air-de-Amaia.local

[2021-10-14 23:56:28 #2 store] 
Configuration path: /Users/amaiaaristeguiiturraran/eclipse-workspace/is2/Bets21Azkena/lib/objectdb-2.8.6/objectdb.conf

[2021-10-14 23:56:28 #3 type] 
Type domain.Event is not enhanced.

[2021-10-14 23:56:28 #4 type] 
Type domain.Question is not enhanced.

[2021-10-14 23:56:28 #5 type] 
Type domain.Pronostikoa is not enhanced.

[2021-10-14 23:56:28 #6 type] 
Type domain.Apustua is not enhanced.

[2021-10-14 23:56:28 #7 type] 
Type domain.Pertsona is not enhanced.

[2021-10-14 23:56:28 #8 type] 
Type domain.Bezeroa is not enhanced.

[2021-10-14 23:56:28 #9 type] 
Type domain.ArretaElkarrizketa is not enhanced.

[2021-10-14 23:56:28 #10 type] 
Type domain.Errepikapena is not enhanced.

[2021-10-14 23:56:28 #11 type] 
Type domain.Mezua is not enhanced.

[2021-10-14 23:56:28 #12 type] 
Type domain.BezeroartekoMezua is not enhanced.

[2021-10-14 23:56:28 #13 type] 
Type domain.Mugimendua is not enhanced.

[2021-10-14 23:56:28 #14 type] 
Type domain.ArretaMezua is not enhanced.

[2021-10-14 23:56:28 #15 type] 
Type domain.Langilea is not enhanced.

------------------------------------------------------------------------------------------------------------------------

[2021-10-14 23:57:34 #1 store] 
Database '/Users/amaiaaristeguiiturraran/eclipse-workspace/is2/Bets21Azkena/src/main/resources/bets.temp' is opened by 4687@MacBook-Air-de-Amaia.local

[2021-10-14 23:57:34 #2 store] 
Configuration path: /Users/amaiaaristeguiiturraran/eclipse-workspace/is2/Bets21Azkena/lib/objectdb-2.8.6/objectdb.conf

[2021-10-14 23:57:34 #3 type] 
Type domain.Event is not enhanced.

[2021-10-14 23:57:34 #4 type] 
Type domain.Question is not enhanced.

[2021-10-14 23:57:34 #5 type] 
Type domain.Pronostikoa is not enhanced.

[2021-10-14 23:57:34 #6 type] 
Type domain.Apustua is not enhanced.

[2021-10-14 23:57:34 #7 type] 
Type domain.Pertsona is not enhanced.

[2021-10-14 23:57:34 #8 type] 
Type domain.Bezeroa is not enhanced.

[2021-10-14 23:57:34 #9 type] 
Type domain.ArretaElkarrizketa is not enhanced.

[2021-10-14 23:57:34 #10 type] 
Type domain.Errepikapena is not enhanced.

[2021-10-14 23:57:34 #11 type] 
Type domain.Mezua is not enhanced.

[2021-10-14 23:57:34 #12 type] 
Type domain.BezeroartekoMezua is not enhanced.

[2021-10-14 23:57:34 #13 type] 
Type domain.Mugimendua is not enhanced.

[2021-10-14 23:57:34 #14 type] 
Type domain.ArretaMezua is not enhanced.

[2021-10-14 23:57:34 #15 type] 
Type domain.Langilea is not enhanced.

------------------------------------------------------------------------------------------------------------------------

[2021-10-14 23:57:58 #1 store] 
Database '/Users/amaiaaristeguiiturraran/eclipse-workspace/is2/Bets21Azkena/src/main/resources/bets.temp' is opened by 4691@MacBook-Air-de-Amaia.local

[2021-10-14 23:57:58 #2 store] 
Configuration path: /Users/amaiaaristeguiiturraran/eclipse-workspace/is2/Bets21Azkena/lib/objectdb-2.8.6/objectdb.conf

------------------------------------------------------------------------------------------------------------------------

[2021-10-14 23:58:27 #1 store] 
Database '/Users/amaiaaristeguiiturraran/eclipse-workspace/is2/Bets21Azkena/src/main/resources/bets.temp' is opened by 4695@MacBook-Air-de-Amaia.local

[2021-10-14 23:58:27 #2 store] 
Configuration path: /Users/amaiaaristeguiiturraran/eclipse-workspace/is2/Bets21Azkena/lib/objectdb-2.8.6/objectdb.conf

[2021-10-14 23:58:27 #3 type] 
Type domain.Event is not enhanced.

[2021-10-14 23:58:27 #4 type] 
Type domain.Question is not enhanced.

[2021-10-14 23:58:27 #5 type] 
Type domain.Pronostikoa is not enhanced.

[2021-10-14 23:58:27 #6 type] 
Type domain.Apustua is not enhanced.

[2021-10-14 23:58:27 #7 type] 
Type domain.Pertsona is not enhanced.

[2021-10-14 23:58:27 #8 type] 
Type domain.Bezeroa is not enhanced.

[2021-10-14 23:58:27 #9 type] 
Type domain.ArretaElkarrizketa is not enhanced.

[2021-10-14 23:58:27 #10 type] 
Type domain.Errepikapena is not enhanced.

[2021-10-14 23:58:27 #11 type] 
Type domain.Mezua is not enhanced.

[2021-10-14 23:58:27 #12 type] 
Type domain.BezeroartekoMezua is not enhanced.

[2021-10-14 23:58:27 #13 type] 
Type domain.Mugimendua is not enhanced.

[2021-10-14 23:58:27 #14 type] 
Type domain.ArretaMezua is not enhanced.

[2021-10-14 23:58:27 #15 type] 
Type domain.Langilea is not enhanced.

------------------------------------------------------------------------------------------------------------------------

[2021-10-14 23:58:39 #1 store] 
Database '/Users/amaiaaristeguiiturraran/eclipse-workspace/is2/Bets21Azkena/src/main/resources/bets.temp' is opened by 4697@MacBook-Air-de-Amaia.local

[2021-10-14 23:58:39 #2 store] 
Configuration path: /Users/amaiaaristeguiiturraran/eclipse-workspace/is2/Bets21Azkena/lib/objectdb-2.8.6/objectdb.conf

[2021-10-14 23:58:39 #3 type] 
Type domain.Pertsona is not enhanced.

[2021-10-14 23:58:39 #4 type] 
Type domain.Bezeroa is not enhanced.

[2021-10-14 23:58:39 #5 type] 
Type domain.ArretaElkarrizketa is not enhanced.

[2021-10-14 23:58:39 #6 type] 
Type domain.Errepikapena is not enhanced.

[2021-10-14 23:58:39 #7 type] 
Type domain.Mezua is not enhanced.

[2021-10-14 23:58:39 #8 type] 
Type domain.BezeroartekoMezua is not enhanced.

[2021-10-14 23:58:39 #9 type] 
Type domain.Apustua is not enhanced.

[2021-10-14 23:58:39 #10 type] 
Type domain.Mugimendua is not enhanced.

[2021-10-14 23:58:39 #11 type] 
Type domain.ArretaMezua is not enhanced.

[2021-10-14 23:58:39 #12 type] 
Type domain.Langilea is not enhanced.

[2021-10-14 23:58:39 #13 type] 
Type domain.Pronostikoa is not enhanced.

[2021-10-14 23:58:39 #14 type] 
Type domain.Question is not enhanced.

[2021-10-14 23:58:39 #15 type] 
Type domain.Event is not enhanced.

------------------------------------------------------------------------------------------------------------------------

[2021-10-14 23:58:53 #1 store] 
Database '/Users/amaiaaristeguiiturraran/eclipse-workspace/is2/Bets21Azkena/src/main/resources/bets.temp' is opened by 4699@MacBook-Air-de-Amaia.local

[2021-10-14 23:58:53 #2 store] 
Configuration path: /Users/amaiaaristeguiiturraran/eclipse-workspace/is2/Bets21Azkena/lib/objectdb-2.8.6/objectdb.conf

[2021-10-14 23:58:53 #3 type] 
Type domain.Apustua is not enhanced.

[2021-10-14 23:58:53 #4 type] 
Type domain.Pronostikoa is not enhanced.

[2021-10-14 23:58:53 #5 type] 
Type domain.Pertsona is not enhanced.

[2021-10-14 23:58:53 #6 type] 
Type domain.Bezeroa is not enhanced.

[2021-10-14 23:58:53 #7 type] 
Type domain.Question is not enhanced.

[2021-10-14 23:58:53 #8 type] 
Type domain.ArretaElkarrizketa is not enhanced.

[2021-10-14 23:58:53 #9 type] 
Type domain.Errepikapena is not enhanced.

[2021-10-14 23:58:53 #10 type] 
Type domain.Mezua is not enhanced.

[2021-10-14 23:58:53 #11 type] 
Type domain.BezeroartekoMezua is not enhanced.

[2021-10-14 23:58:53 #12 type] 
Type domain.Mugimendua is not enhanced.

[2021-10-14 23:58:53 #13 type] 
Type domain.Event is not enhanced.

[2021-10-14 23:58:53 #14 type] 
Type domain.ArretaMezua is not enhanced.

[2021-10-14 23:58:53 #15 type] 
Type domain.Langilea is not enhanced.

[2021-10-14 23:58:53 #16 type] 
Type domain.Admin is not enhanced.

------------------------------------------------------------------------------------------------------------------------

[2021-10-14 23:59:31 #1 store] 
Database '/Users/amaiaaristeguiiturraran/eclipse-workspace/is2/Bets21Azkena/src/main/resources/bets.temp' is opened by 4705@MacBook-Air-de-Amaia.local

[2021-10-14 23:59:31 #2 store] 
Configuration path: /Users/amaiaaristeguiiturraran/eclipse-workspace/is2/Bets21Azkena/lib/objectdb-2.8.6/objectdb.conf

[2021-10-14 23:59:32 #3 type] 
Type domain.Pertsona is not enhanced.

[2021-10-14 23:59:32 #4 type] 
Type domain.Bezeroa is not enhanced.

[2021-10-14 23:59:32 #5 type] 
Type domain.ArretaElkarrizketa is not enhanced.

[2021-10-14 23:59:32 #6 type] 
Type domain.Errepikapena is not enhanced.

[2021-10-14 23:59:32 #7 type] 
Type domain.Mezua is not enhanced.

[2021-10-14 23:59:32 #8 type] 
Type domain.BezeroartekoMezua is not enhanced.

[2021-10-14 23:59:32 #9 type] 
Type domain.Apustua is not enhanced.

[2021-10-14 23:59:32 #10 type] 
Type domain.Mugimendua is not enhanced.

[2021-10-14 23:59:32 #11 type] 
Type domain.ArretaMezua is not enhanced.

[2021-10-14 23:59:32 #12 type] 
Type domain.Langilea is not enhanced.

[2021-10-14 23:59:32 #13 type] 
Type domain.Pronostikoa is not enhanced.

[2021-10-14 23:59:32 #14 type] 
Type domain.Question is not enhanced.

[2021-10-14 23:59:32 #15 type] 
Type domain.Event is not enhanced.

------------------------------------------------------------------------------------------------------------------------

[2021-10-15 00:00:00 #1 store] 
Database '/Users/amaiaaristeguiiturraran/eclipse-workspace/is2/Bets21Azkena/src/main/resources/bets.temp' is opened by 4715@MacBook-Air-de-Amaia.local

[2021-10-15 00:00:00 #2 store] 
Configuration path: /Users/amaiaaristeguiiturraran/eclipse-workspace/is2/Bets21Azkena/lib/objectdb-2.8.6/objectdb.conf

[2021-10-15 00:00:00 #3 type] 
Type domain.Pertsona is not enhanced.

[2021-10-15 00:00:00 #4 type] 
Type domain.Bezeroa is not enhanced.

[2021-10-15 00:00:00 #5 type] 
Type domain.ArretaElkarrizketa is not enhanced.

[2021-10-15 00:00:00 #6 type] 
Type domain.Errepikapena is not enhanced.

[2021-10-15 00:00:00 #7 type] 
Type domain.Mezua is not enhanced.

[2021-10-15 00:00:00 #8 type] 
Type domain.BezeroartekoMezua is not enhanced.

[2021-10-15 00:00:00 #9 type] 
Type domain.Apustua is not enhanced.

[2021-10-15 00:00:00 #10 type] 
Type domain.Mugimendua is not enhanced.

[2021-10-15 00:00:00 #11 type] 
Type domain.ArretaMezua is not enhanced.

[2021-10-15 00:00:00 #12 type] 
Type domain.Langilea is not enhanced.

[2021-10-15 00:00:00 #13 type] 
Type domain.Pronostikoa is not enhanced.

[2021-10-15 00:00:00 #14 type] 
Type domain.Question is not enhanced.

[2021-10-15 00:00:00 #15 type] 
Type domain.Event is not enhanced.

