------------------------------------------------------------------------------------------------------------------------

[2021-10-17 00:03:37 #1 store] 
Database '/Users/amaiaaristeguiiturraran/eclipse-workspace/is2/Bets21Azkena/src/main/resources/bets.temp' is opened by 2908@MacBook-Air-de-Amaia.local

[2021-10-17 00:03:37 #2 store] 
Configuration path: /Users/amaiaaristeguiiturraran/eclipse-workspace/is2/Bets21Azkena/lib/objectdb-2.8.6/objectdb.conf

[2021-10-17 00:03:37 #3 type] 
Type domain.Apustua is not enhanced.

[2021-10-17 00:03:37 #4 type] 
Type domain.Pronostikoa is not enhanced.

[2021-10-17 00:03:37 #5 type] 
Type domain.Pertsona is not enhanced.

[2021-10-17 00:03:37 #6 type] 
Type domain.Bezeroa is not enhanced.

[2021-10-17 00:03:37 #7 type] 
Type domain.Question is not enhanced.

[2021-10-17 00:03:37 #8 type] 
Type domain.ArretaElkarrizketa is not enhanced.

[2021-10-17 00:03:37 #9 type] 
Type domain.Errepikapena is not enhanced.

[2021-10-17 00:03:37 #10 type] 
Type domain.Mezua is not enhanced.

[2021-10-17 00:03:37 #11 type] 
Type domain.BezeroartekoMezua is not enhanced.

[2021-10-17 00:03:37 #12 type] 
Type domain.Mugimendua is not enhanced.

[2021-10-17 00:03:37 #13 type] 
Type domain.Event is not enhanced.

[2021-10-17 00:03:37 #14 type] 
Type domain.ArretaMezua is not enhanced.

[2021-10-17 00:03:37 #15 type] 
Type domain.Langilea is not enhanced.

[2021-10-17 00:03:38 #16 type] 
Type domain.Admin is not enhanced.

