------------------------------------------------------------------------------------------------------------------------

[2021-09-30 22:57:15 #1 store] 
Database '/Users/amaiaaristeguiiturraran/eclipse-workspace/is2/Bets21Azkena/src/main/resources/bets.temp' has been recovered (tr. 1-20)

[2021-09-30 22:57:15 #2 store] 
Database '/Users/amaiaaristeguiiturraran/eclipse-workspace/is2/Bets21Azkena/src/main/resources/bets.temp' is opened by 1696@MacBook-Air-de-Amaia.local

[2021-09-30 22:57:15 #3 type] 
Type domain.Apustua is not enhanced.

[2021-09-30 22:57:15 #4 type] 
Type domain.Pronostikoa is not enhanced.

[2021-09-30 22:57:15 #5 type] 
Type domain.Pertsona is not enhanced.

[2021-09-30 22:57:15 #6 type] 
Type domain.Bezeroa is not enhanced.

[2021-09-30 22:57:15 #7 type] 
Type domain.Question is not enhanced.

[2021-09-30 22:57:15 #8 type] 
Type domain.ArretaElkarrizketa is not enhanced.

[2021-09-30 22:57:15 #9 type] 
Type domain.Errepikapena is not enhanced.

[2021-09-30 22:57:15 #10 type] 
Type domain.Mezua is not enhanced.

[2021-09-30 22:57:15 #11 type] 
Type domain.BezeroartekoMezua is not enhanced.

[2021-09-30 22:57:15 #12 type] 
Type domain.Mugimendua is not enhanced.

[2021-09-30 22:57:15 #13 type] 
Type domain.Event is not enhanced.

[2021-09-30 22:57:15 #14 type] 
Type domain.ArretaMezua is not enhanced.

[2021-09-30 22:57:15 #15 type] 
Type domain.Langilea is not enhanced.

[2021-09-30 22:57:15 #16 type] 
Type domain.Admin is not enhanced.

------------------------------------------------------------------------------------------------------------------------

[2021-09-30 22:58:58 #1 store] 
Database '/Users/amaiaaristeguiiturraran/eclipse-workspace/is2/Bets21Azkena/src/main/resources/bets.temp' is opened by 1711@MacBook-Air-de-Amaia.local

[2021-09-30 22:58:58 #2 type] 
Type domain.Apustua is not enhanced.

[2021-09-30 22:58:58 #3 type] 
Type domain.Pronostikoa is not enhanced.

[2021-09-30 22:58:58 #4 type] 
Type domain.Pertsona is not enhanced.

[2021-09-30 22:58:58 #5 type] 
Type domain.Bezeroa is not enhanced.

[2021-09-30 22:58:58 #6 type] 
Type domain.Question is not enhanced.

[2021-09-30 22:58:58 #7 type] 
Type domain.ArretaElkarrizketa is not enhanced.

[2021-09-30 22:58:58 #8 type] 
Type domain.Errepikapena is not enhanced.

[2021-09-30 22:58:58 #9 type] 
Type domain.Mezua is not enhanced.

[2021-09-30 22:58:58 #10 type] 
Type domain.BezeroartekoMezua is not enhanced.

[2021-09-30 22:58:58 #11 type] 
Type domain.Mugimendua is not enhanced.

[2021-09-30 22:58:58 #12 type] 
Type domain.Event is not enhanced.

[2021-09-30 22:58:58 #13 type] 
Type domain.ArretaMezua is not enhanced.

[2021-09-30 22:58:58 #14 type] 
Type domain.Langilea is not enhanced.

[2021-09-30 22:58:58 #15 type] 
Type domain.Admin is not enhanced.

------------------------------------------------------------------------------------------------------------------------

[2021-09-30 23:03:11 #1 store] 
Database '/Users/amaiaaristeguiiturraran/eclipse-workspace/is2/Bets21Azkena/src/main/resources/bets.temp' is opened by 1760@MacBook-Air-de-Amaia.local

[2021-09-30 23:03:11 #2 type] 
Type domain.Apustua is not enhanced.

[2021-09-30 23:03:11 #3 type] 
Type domain.Pronostikoa is not enhanced.

[2021-09-30 23:03:11 #4 type] 
Type domain.Pertsona is not enhanced.

[2021-09-30 23:03:11 #5 type] 
Type domain.Bezeroa is not enhanced.

[2021-09-30 23:03:11 #6 type] 
Type domain.Question is not enhanced.

[2021-09-30 23:03:11 #7 type] 
Type domain.ArretaElkarrizketa is not enhanced.

[2021-09-30 23:03:11 #8 type] 
Type domain.Errepikapena is not enhanced.

[2021-09-30 23:03:11 #9 type] 
Type domain.Mezua is not enhanced.

[2021-09-30 23:03:11 #10 type] 
Type domain.BezeroartekoMezua is not enhanced.

[2021-09-30 23:03:11 #11 type] 
Type domain.Mugimendua is not enhanced.

[2021-09-30 23:03:11 #12 type] 
Type domain.Event is not enhanced.

[2021-09-30 23:03:11 #13 type] 
Type domain.ArretaMezua is not enhanced.

[2021-09-30 23:03:11 #14 type] 
Type domain.Langilea is not enhanced.

[2021-09-30 23:03:11 #15 type] 
Type domain.Admin is not enhanced.

------------------------------------------------------------------------------------------------------------------------

[2021-09-30 23:08:21 #1 store] 
Database '/Users/amaiaaristeguiiturraran/eclipse-workspace/is2/Bets21Azkena/src/main/resources/bets.temp' is opened by 1801@MacBook-Air-de-Amaia.local

[2021-09-30 23:08:21 #2 type] 
Type domain.Apustua is not enhanced.

[2021-09-30 23:08:21 #3 type] 
Type domain.Pronostikoa is not enhanced.

[2021-09-30 23:08:21 #4 type] 
Type domain.Pertsona is not enhanced.

[2021-09-30 23:08:21 #5 type] 
Type domain.Bezeroa is not enhanced.

[2021-09-30 23:08:21 #6 type] 
Type domain.Question is not enhanced.

[2021-09-30 23:08:21 #7 type] 
Type domain.ArretaElkarrizketa is not enhanced.

[2021-09-30 23:08:21 #8 type] 
Type domain.Errepikapena is not enhanced.

[2021-09-30 23:08:21 #9 type] 
Type domain.Mezua is not enhanced.

[2021-09-30 23:08:21 #10 type] 
Type domain.BezeroartekoMezua is not enhanced.

[2021-09-30 23:08:21 #11 type] 
Type domain.Mugimendua is not enhanced.

[2021-09-30 23:08:21 #12 type] 
Type domain.Event is not enhanced.

[2021-09-30 23:08:21 #13 type] 
Type domain.ArretaMezua is not enhanced.

[2021-09-30 23:08:21 #14 type] 
Type domain.Langilea is not enhanced.

[2021-09-30 23:08:21 #15 type] 
Type domain.Admin is not enhanced.

------------------------------------------------------------------------------------------------------------------------

[2021-09-30 23:08:37 #1 store] 
Database '/Users/amaiaaristeguiiturraran/eclipse-workspace/is2/Bets21Azkena/src/main/resources/bets.temp' is opened by 1805@MacBook-Air-de-Amaia.local

[2021-09-30 23:08:38 #2 type] 
Type domain.Apustua is not enhanced.

[2021-09-30 23:08:38 #3 type] 
Type domain.Pronostikoa is not enhanced.

[2021-09-30 23:08:38 #4 type] 
Type domain.Pertsona is not enhanced.

[2021-09-30 23:08:38 #5 type] 
Type domain.Bezeroa is not enhanced.

[2021-09-30 23:08:38 #6 type] 
Type domain.Question is not enhanced.

[2021-09-30 23:08:38 #7 type] 
Type domain.ArretaElkarrizketa is not enhanced.

[2021-09-30 23:08:38 #8 type] 
Type domain.Errepikapena is not enhanced.

[2021-09-30 23:08:38 #9 type] 
Type domain.Mezua is not enhanced.

[2021-09-30 23:08:38 #10 type] 
Type domain.BezeroartekoMezua is not enhanced.

[2021-09-30 23:08:38 #11 type] 
Type domain.Mugimendua is not enhanced.

[2021-09-30 23:08:38 #12 type] 
Type domain.Event is not enhanced.

[2021-09-30 23:08:38 #13 type] 
Type domain.ArretaMezua is not enhanced.

[2021-09-30 23:08:38 #14 type] 
Type domain.Langilea is not enhanced.

[2021-09-30 23:08:38 #15 type] 
Type domain.Admin is not enhanced.

------------------------------------------------------------------------------------------------------------------------

[2021-09-30 23:19:49 #1 store] 
Database '/Users/amaiaaristeguiiturraran/eclipse-workspace/is2/Bets21Azkena/src/main/resources/bets.temp' is opened by 1974@MacBook-Air-de-Amaia.local

[2021-09-30 23:19:49 #2 type.registry] 
New type domain.Apustua

[2021-09-30 23:19:49 #3 type] 
Type domain.Apustua is not enhanced.

[2021-09-30 23:19:49 #4 type.registry] 
New type domain.Pronostikoa

[2021-09-30 23:19:49 #5 type.registry] 
New type java.util.ArrayList<domain.Pronostikoa>

[2021-09-30 23:19:49 #6 type.registry] 
New type domain.Pertsona

[2021-09-30 23:19:49 #7 type.registry] 
New type domain.Bezeroa

[2021-09-30 23:19:49 #8 type] 
Type domain.Pronostikoa is not enhanced.

[2021-09-30 23:19:49 #9 type.registry] 
New type java.util.Vector<domain.Apustua>

[2021-09-30 23:19:49 #10 type.registry] 
New type domain.Question

[2021-09-30 23:19:49 #11 type] 
Type domain.Pertsona is not enhanced.

[2021-09-30 23:19:49 #12 type] 
Type domain.Bezeroa is not enhanced.

[2021-09-30 23:19:49 #13 type.registry] 
New type domain.ArretaElkarrizketa

[2021-09-30 23:19:49 #14 type.registry] 
New type java.util.Vector<domain.ArretaElkarrizketa>

[2021-09-30 23:19:49 #15 type.registry] 
New type domain.Errepikapena

[2021-09-30 23:19:49 #16 type.registry] 
New type java.util.Vector<domain.Errepikapena>

[2021-09-30 23:19:49 #17 type.registry] 
New type domain.Mezua

[2021-09-30 23:19:49 #18 type.registry] 
New type domain.BezeroartekoMezua

[2021-09-30 23:19:49 #19 type.registry] 
New type java.util.Vector<domain.BezeroartekoMezua>

[2021-09-30 23:19:49 #20 type.registry] 
New type domain.Mugimendua

[2021-09-30 23:19:49 #21 type.registry] 
New type java.util.Vector<domain.Mugimendua>

[2021-09-30 23:19:49 #22 type] 
Type domain.Question is not enhanced.

[2021-09-30 23:19:49 #23 type.registry] 
New type java.util.Vector<domain.Pronostikoa>

[2021-09-30 23:19:49 #24 type.registry] 
New type domain.Event

[2021-09-30 23:19:49 #25 type] 
Type domain.ArretaElkarrizketa is not enhanced.

[2021-09-30 23:19:49 #26 type.registry] 
New type domain.ArretaMezua

[2021-09-30 23:19:49 #27 type.registry] 
New type java.util.Vector<domain.ArretaMezua>

[2021-09-30 23:19:49 #28 type.registry] 
New type domain.Langilea

[2021-09-30 23:19:49 #29 type] 
Type domain.Errepikapena is not enhanced.

[2021-09-30 23:19:49 #30 type] 
Type domain.Mezua is not enhanced.

[2021-09-30 23:19:49 #31 type] 
Type domain.BezeroartekoMezua is not enhanced.

[2021-09-30 23:19:49 #32 type] 
Type domain.Mugimendua is not enhanced.

[2021-09-30 23:19:49 #33 type] 
Type domain.Event is not enhanced.

[2021-09-30 23:19:49 #34 type.registry] 
New type java.util.Vector<domain.Question>

[2021-09-30 23:19:49 #35 type] 
Type domain.ArretaMezua is not enhanced.

[2021-09-30 23:19:49 #36 type] 
Type domain.Langilea is not enhanced.

[2021-09-30 23:19:49 #37 type.registry] 
New type int[]

[2021-09-30 23:19:49 #38 type.registry] 
New type domain.Event

[2021-09-30 23:19:49 #39 type.registry] 
New type domain.Question

[2021-09-30 23:19:49 #40 type.registry] 
New type java.util.Vector<domain.Question>

[2021-09-30 23:19:49 #41 type.registry] 
New type domain.Pronostikoa

[2021-09-30 23:19:49 #42 type.registry] 
New type java.util.Vector<domain.Pronostikoa>

[2021-09-30 23:19:49 #43 type.registry] 
New type domain.Apustua

[2021-09-30 23:19:49 #44 type.registry] 
New type java.util.Vector<domain.Apustua>

[2021-09-30 23:19:49 #45 type.registry] 
New type java.util.ArrayList<domain.Pronostikoa>

[2021-09-30 23:19:49 #46 type.registry] 
New type domain.Pertsona

[2021-09-30 23:19:49 #47 type.registry] 
New type domain.Bezeroa

[2021-09-30 23:19:49 #48 type.registry] 
New type domain.ArretaElkarrizketa

[2021-09-30 23:19:49 #49 type.registry] 
New type java.util.Vector<domain.ArretaElkarrizketa>

[2021-09-30 23:19:49 #50 type.registry] 
New type domain.Errepikapena

[2021-09-30 23:19:49 #51 type.registry] 
New type java.util.Vector<domain.Errepikapena>

[2021-09-30 23:19:49 #52 type.registry] 
New type domain.Mezua

[2021-09-30 23:19:49 #53 type.registry] 
New type domain.BezeroartekoMezua

[2021-09-30 23:19:49 #54 type.registry] 
New type java.util.Vector<domain.BezeroartekoMezua>

[2021-09-30 23:19:49 #55 type.registry] 
New type domain.Mugimendua

[2021-09-30 23:19:49 #56 type.registry] 
New type java.util.Vector<domain.Mugimendua>

[2021-09-30 23:19:49 #57 type.registry] 
New type domain.ArretaMezua

[2021-09-30 23:19:49 #58 type.registry] 
New type java.util.Vector<domain.ArretaMezua>

[2021-09-30 23:19:49 #59 type.registry] 
New type domain.Langilea

[2021-09-30 23:19:49 #60 type.registry] 
New type int[]

[2021-09-30 23:19:49 #61 type.registry] 
New type domain.Apustua

[2021-09-30 23:19:49 #62 type.registry] 
New type domain.Pronostikoa

[2021-09-30 23:19:49 #63 type.registry] 
New type java.util.ArrayList<domain.Pronostikoa>

[2021-09-30 23:19:49 #64 type.registry] 
New type domain.Pertsona

[2021-09-30 23:19:49 #65 type.registry] 
New type domain.Bezeroa

[2021-09-30 23:19:49 #66 type.registry] 
New type java.util.Vector<domain.Apustua>

[2021-09-30 23:19:49 #67 type.registry] 
New type domain.Question

[2021-09-30 23:19:49 #68 type.registry] 
New type domain.ArretaElkarrizketa

[2021-09-30 23:19:49 #69 type.registry] 
New type java.util.Vector<domain.ArretaElkarrizketa>

[2021-09-30 23:19:49 #70 type.registry] 
New type domain.Errepikapena

[2021-09-30 23:19:49 #71 type.registry] 
New type java.util.Vector<domain.Errepikapena>

[2021-09-30 23:19:49 #72 type.registry] 
New type domain.Mezua

[2021-09-30 23:19:49 #73 type.registry] 
New type domain.BezeroartekoMezua

[2021-09-30 23:19:49 #74 type.registry] 
New type java.util.Vector<domain.BezeroartekoMezua>

[2021-09-30 23:19:49 #75 type.registry] 
New type domain.Mugimendua

[2021-09-30 23:19:49 #76 type.registry] 
New type java.util.Vector<domain.Mugimendua>

[2021-09-30 23:19:49 #77 type.registry] 
New type java.util.Vector<domain.Pronostikoa>

[2021-09-30 23:19:49 #78 type.registry] 
New type domain.Event

[2021-09-30 23:19:49 #79 type.registry] 
New type domain.ArretaMezua

[2021-09-30 23:19:49 #80 type.registry] 
New type java.util.Vector<domain.ArretaMezua>

[2021-09-30 23:19:49 #81 type.registry] 
New type domain.Langilea

[2021-09-30 23:19:49 #82 type.registry] 
New type java.util.Vector<domain.Question>

[2021-09-30 23:19:49 #83 type.registry] 
New type int[]

[2021-09-30 23:19:49 #84 type.registry] 
New type domain.Event

[2021-09-30 23:19:49 #85 type.registry] 
New type domain.Question

[2021-09-30 23:19:49 #86 type.registry] 
New type java.util.Vector<domain.Question>

[2021-09-30 23:19:49 #87 type.registry] 
New type domain.Pronostikoa

[2021-09-30 23:19:49 #88 type.registry] 
New type java.util.Vector<domain.Pronostikoa>

[2021-09-30 23:19:49 #89 type.registry] 
New type domain.Apustua

[2021-09-30 23:19:49 #90 type.registry] 
New type java.util.Vector<domain.Apustua>

[2021-09-30 23:19:49 #91 type.registry] 
New type java.util.ArrayList<domain.Pronostikoa>

[2021-09-30 23:19:49 #92 type.registry] 
New type domain.Pertsona

[2021-09-30 23:19:49 #93 type.registry] 
New type domain.Bezeroa

[2021-09-30 23:19:49 #94 type.registry] 
New type domain.ArretaElkarrizketa

[2021-09-30 23:19:49 #95 type.registry] 
New type java.util.Vector<domain.ArretaElkarrizketa>

[2021-09-30 23:19:49 #96 type.registry] 
New type domain.Errepikapena

[2021-09-30 23:19:49 #97 type.registry] 
New type java.util.Vector<domain.Errepikapena>

[2021-09-30 23:19:49 #98 type.registry] 
New type domain.Mezua

[2021-09-30 23:19:49 #99 type.registry] 
New type domain.BezeroartekoMezua

[2021-09-30 23:19:49 #100 type.registry] 
New type java.util.Vector<domain.BezeroartekoMezua>

[2021-09-30 23:19:49 #101 type.registry] 
New type domain.Mugimendua

[2021-09-30 23:19:49 #102 type.registry] 
New type java.util.Vector<domain.Mugimendua>

[2021-09-30 23:19:49 #103 type.registry] 
New type domain.ArretaMezua

[2021-09-30 23:19:49 #104 type.registry] 
New type java.util.Vector<domain.ArretaMezua>

[2021-09-30 23:19:49 #105 type.registry] 
New type domain.Langilea

[2021-09-30 23:19:49 #106 type.registry] 
New type int[]

------------------------------------------------------------------------------------------------------------------------

[2021-09-30 23:25:17 #1 store] 
Database '/Users/amaiaaristeguiiturraran/eclipse-workspace/is2/Bets21Azkena/src/main/resources/bets.temp' is opened by 2031@MacBook-Air-de-Amaia.local

[2021-09-30 23:25:18 #2 type.registry] 
New type domain.Apustua

[2021-09-30 23:25:18 #3 type] 
Type domain.Apustua is not enhanced.

[2021-09-30 23:25:18 #4 type.registry] 
New type domain.Pronostikoa

[2021-09-30 23:25:18 #5 type.registry] 
New type java.util.ArrayList<domain.Pronostikoa>

[2021-09-30 23:25:18 #6 type.registry] 
New type domain.Pertsona

[2021-09-30 23:25:18 #7 type.registry] 
New type domain.Bezeroa

[2021-09-30 23:25:18 #8 type] 
Type domain.Pronostikoa is not enhanced.

[2021-09-30 23:25:18 #9 type.registry] 
New type java.util.Vector<domain.Apustua>

[2021-09-30 23:25:18 #10 type.registry] 
New type domain.Question

[2021-09-30 23:25:18 #11 type] 
Type domain.Pertsona is not enhanced.

[2021-09-30 23:25:18 #12 type] 
Type domain.Bezeroa is not enhanced.

[2021-09-30 23:25:18 #13 type.registry] 
New type domain.ArretaElkarrizketa

[2021-09-30 23:25:18 #14 type.registry] 
New type java.util.Vector<domain.ArretaElkarrizketa>

[2021-09-30 23:25:18 #15 type.registry] 
New type domain.Errepikapena

[2021-09-30 23:25:18 #16 type.registry] 
New type java.util.Vector<domain.Errepikapena>

[2021-09-30 23:25:18 #17 type.registry] 
New type domain.Mezua

[2021-09-30 23:25:18 #18 type.registry] 
New type domain.BezeroartekoMezua

[2021-09-30 23:25:18 #19 type.registry] 
New type java.util.Vector<domain.BezeroartekoMezua>

[2021-09-30 23:25:18 #20 type.registry] 
New type domain.Mugimendua

[2021-09-30 23:25:18 #21 type.registry] 
New type java.util.Vector<domain.Mugimendua>

[2021-09-30 23:25:18 #22 type] 
Type domain.Question is not enhanced.

[2021-09-30 23:25:18 #23 type.registry] 
New type java.util.Vector<domain.Pronostikoa>

[2021-09-30 23:25:18 #24 type.registry] 
New type domain.Event

[2021-09-30 23:25:18 #25 type] 
Type domain.ArretaElkarrizketa is not enhanced.

[2021-09-30 23:25:18 #26 type.registry] 
New type domain.ArretaMezua

[2021-09-30 23:25:18 #27 type.registry] 
New type java.util.Vector<domain.ArretaMezua>

[2021-09-30 23:25:18 #28 type.registry] 
New type domain.Langilea

[2021-09-30 23:25:18 #29 type] 
Type domain.Errepikapena is not enhanced.

[2021-09-30 23:25:18 #30 type] 
Type domain.Mezua is not enhanced.

[2021-09-30 23:25:18 #31 type] 
Type domain.BezeroartekoMezua is not enhanced.

[2021-09-30 23:25:18 #32 type] 
Type domain.Mugimendua is not enhanced.

[2021-09-30 23:25:18 #33 type] 
Type domain.Event is not enhanced.

[2021-09-30 23:25:18 #34 type.registry] 
New type java.util.Vector<domain.Question>

[2021-09-30 23:25:18 #35 type] 
Type domain.ArretaMezua is not enhanced.

[2021-09-30 23:25:18 #36 type] 
Type domain.Langilea is not enhanced.

[2021-09-30 23:25:18 #37 type.registry] 
New type int[]

[2021-09-30 23:25:18 #38 type.registry] 
New type domain.Pertsona

------------------------------------------------------------------------------------------------------------------------

[2021-09-30 23:26:31 #1 store] 
Database '/Users/amaiaaristeguiiturraran/eclipse-workspace/is2/Bets21Azkena/src/main/resources/bets.temp' is opened by 2044@MacBook-Air-de-Amaia.local

[2021-09-30 23:26:31 #2 type.registry] 
New type domain.Apustua

[2021-09-30 23:26:31 #3 type] 
Type domain.Apustua is not enhanced.

[2021-09-30 23:26:31 #4 type.registry] 
New type domain.Pronostikoa

[2021-09-30 23:26:31 #5 type.registry] 
New type java.util.ArrayList<domain.Pronostikoa>

[2021-09-30 23:26:31 #6 type.registry] 
New type domain.Pertsona

[2021-09-30 23:26:31 #7 type.registry] 
New type domain.Bezeroa

[2021-09-30 23:26:31 #8 type] 
Type domain.Pronostikoa is not enhanced.

[2021-09-30 23:26:31 #9 type.registry] 
New type java.util.Vector<domain.Apustua>

[2021-09-30 23:26:31 #10 type.registry] 
New type domain.Question

[2021-09-30 23:26:31 #11 type] 
Type domain.Pertsona is not enhanced.

[2021-09-30 23:26:31 #12 type] 
Type domain.Bezeroa is not enhanced.

[2021-09-30 23:26:31 #13 type.registry] 
New type domain.ArretaElkarrizketa

[2021-09-30 23:26:31 #14 type.registry] 
New type java.util.Vector<domain.ArretaElkarrizketa>

[2021-09-30 23:26:31 #15 type.registry] 
New type domain.Errepikapena

[2021-09-30 23:26:31 #16 type.registry] 
New type java.util.Vector<domain.Errepikapena>

[2021-09-30 23:26:31 #17 type.registry] 
New type domain.Mezua

[2021-09-30 23:26:31 #18 type.registry] 
New type domain.BezeroartekoMezua

[2021-09-30 23:26:31 #19 type.registry] 
New type java.util.Vector<domain.BezeroartekoMezua>

[2021-09-30 23:26:31 #20 type.registry] 
New type domain.Mugimendua

[2021-09-30 23:26:31 #21 type.registry] 
New type java.util.Vector<domain.Mugimendua>

[2021-09-30 23:26:31 #22 type] 
Type domain.Question is not enhanced.

[2021-09-30 23:26:31 #23 type.registry] 
New type java.util.Vector<domain.Pronostikoa>

[2021-09-30 23:26:31 #24 type.registry] 
New type domain.Event

[2021-09-30 23:26:31 #25 type] 
Type domain.ArretaElkarrizketa is not enhanced.

[2021-09-30 23:26:31 #26 type.registry] 
New type domain.ArretaMezua

[2021-09-30 23:26:31 #27 type.registry] 
New type java.util.Vector<domain.ArretaMezua>

[2021-09-30 23:26:31 #28 type.registry] 
New type domain.Langilea

[2021-09-30 23:26:31 #29 type] 
Type domain.Errepikapena is not enhanced.

[2021-09-30 23:26:31 #30 type] 
Type domain.Mezua is not enhanced.

[2021-09-30 23:26:31 #31 type] 
Type domain.BezeroartekoMezua is not enhanced.

[2021-09-30 23:26:31 #32 type] 
Type domain.Mugimendua is not enhanced.

[2021-09-30 23:26:31 #33 type] 
Type domain.Event is not enhanced.

[2021-09-30 23:26:31 #34 type.registry] 
New type java.util.Vector<domain.Question>

[2021-09-30 23:26:31 #35 type] 
Type domain.ArretaMezua is not enhanced.

[2021-09-30 23:26:31 #36 type] 
Type domain.Langilea is not enhanced.

[2021-09-30 23:26:31 #37 type.registry] 
New type int[]

[2021-09-30 23:26:32 #38 type.registry] 
New type domain.Pertsona

------------------------------------------------------------------------------------------------------------------------

[2021-09-30 23:27:53 #1 store] 
Database '/Users/amaiaaristeguiiturraran/eclipse-workspace/is2/Bets21Azkena/src/main/resources/bets.temp' is opened by 2056@MacBook-Air-de-Amaia.local

[2021-09-30 23:27:53 #2 type.registry] 
New type domain.Apustua

[2021-09-30 23:27:53 #3 type] 
Type domain.Apustua is not enhanced.

[2021-09-30 23:27:53 #4 type.registry] 
New type domain.Pronostikoa

[2021-09-30 23:27:53 #5 type.registry] 
New type java.util.ArrayList<domain.Pronostikoa>

[2021-09-30 23:27:53 #6 type.registry] 
New type domain.Pertsona

[2021-09-30 23:27:53 #7 type.registry] 
New type domain.Bezeroa

[2021-09-30 23:27:53 #8 type] 
Type domain.Pronostikoa is not enhanced.

[2021-09-30 23:27:53 #9 type.registry] 
New type java.util.Vector<domain.Apustua>

[2021-09-30 23:27:53 #10 type.registry] 
New type domain.Question

[2021-09-30 23:27:53 #11 type] 
Type domain.Pertsona is not enhanced.

[2021-09-30 23:27:53 #12 type] 
Type domain.Bezeroa is not enhanced.

[2021-09-30 23:27:53 #13 type.registry] 
New type domain.ArretaElkarrizketa

[2021-09-30 23:27:53 #14 type.registry] 
New type java.util.Vector<domain.ArretaElkarrizketa>

[2021-09-30 23:27:53 #15 type.registry] 
New type domain.Errepikapena

[2021-09-30 23:27:53 #16 type.registry] 
New type java.util.Vector<domain.Errepikapena>

[2021-09-30 23:27:53 #17 type.registry] 
New type domain.Mezua

[2021-09-30 23:27:53 #18 type.registry] 
New type domain.BezeroartekoMezua

[2021-09-30 23:27:53 #19 type.registry] 
New type java.util.Vector<domain.BezeroartekoMezua>

[2021-09-30 23:27:53 #20 type.registry] 
New type domain.Mugimendua

[2021-09-30 23:27:53 #21 type.registry] 
New type java.util.Vector<domain.Mugimendua>

[2021-09-30 23:27:53 #22 type] 
Type domain.Question is not enhanced.

[2021-09-30 23:27:53 #23 type.registry] 
New type java.util.Vector<domain.Pronostikoa>

[2021-09-30 23:27:53 #24 type.registry] 
New type domain.Event

[2021-09-30 23:27:53 #25 type] 
Type domain.ArretaElkarrizketa is not enhanced.

[2021-09-30 23:27:53 #26 type.registry] 
New type domain.ArretaMezua

[2021-09-30 23:27:53 #27 type.registry] 
New type java.util.Vector<domain.ArretaMezua>

[2021-09-30 23:27:53 #28 type.registry] 
New type domain.Langilea

[2021-09-30 23:27:53 #29 type] 
Type domain.Errepikapena is not enhanced.

[2021-09-30 23:27:53 #30 type] 
Type domain.Mezua is not enhanced.

[2021-09-30 23:27:53 #31 type] 
Type domain.BezeroartekoMezua is not enhanced.

[2021-09-30 23:27:53 #32 type] 
Type domain.Mugimendua is not enhanced.

[2021-09-30 23:27:53 #33 type] 
Type domain.Event is not enhanced.

[2021-09-30 23:27:53 #34 type.registry] 
New type java.util.Vector<domain.Question>

[2021-09-30 23:27:53 #35 type] 
Type domain.ArretaMezua is not enhanced.

[2021-09-30 23:27:53 #36 type] 
Type domain.Langilea is not enhanced.

[2021-09-30 23:27:53 #37 type.registry] 
New type int[]

[2021-09-30 23:27:53 #38 type.registry] 
New type domain.Pertsona

------------------------------------------------------------------------------------------------------------------------

[2021-09-30 23:30:56 #1 store] 
Database '/Users/amaiaaristeguiiturraran/eclipse-workspace/is2/Bets21Azkena/src/main/resources/bets.temp' is opened by 2084@MacBook-Air-de-Amaia.local

[2021-09-30 23:30:57 #2 type.registry] 
New type domain.Apustua

[2021-09-30 23:30:57 #3 type] 
Type domain.Apustua is not enhanced.

[2021-09-30 23:30:57 #4 type.registry] 
New type domain.Pronostikoa

[2021-09-30 23:30:57 #5 type.registry] 
New type java.util.ArrayList<domain.Pronostikoa>

[2021-09-30 23:30:57 #6 type.registry] 
New type domain.Pertsona

[2021-09-30 23:30:57 #7 type.registry] 
New type domain.Bezeroa

[2021-09-30 23:30:57 #8 type] 
Type domain.Pronostikoa is not enhanced.

[2021-09-30 23:30:57 #9 type.registry] 
New type java.util.Vector<domain.Apustua>

[2021-09-30 23:30:57 #10 type.registry] 
New type domain.Question

[2021-09-30 23:30:57 #11 type] 
Type domain.Pertsona is not enhanced.

[2021-09-30 23:30:57 #12 type] 
Type domain.Bezeroa is not enhanced.

[2021-09-30 23:30:57 #13 type.registry] 
New type domain.ArretaElkarrizketa

[2021-09-30 23:30:57 #14 type.registry] 
New type java.util.Vector<domain.ArretaElkarrizketa>

[2021-09-30 23:30:57 #15 type.registry] 
New type domain.Errepikapena

[2021-09-30 23:30:57 #16 type.registry] 
New type java.util.Vector<domain.Errepikapena>

[2021-09-30 23:30:57 #17 type.registry] 
New type domain.Mezua

[2021-09-30 23:30:57 #18 type.registry] 
New type domain.BezeroartekoMezua

[2021-09-30 23:30:57 #19 type.registry] 
New type java.util.Vector<domain.BezeroartekoMezua>

[2021-09-30 23:30:57 #20 type.registry] 
New type domain.Mugimendua

[2021-09-30 23:30:57 #21 type.registry] 
New type java.util.Vector<domain.Mugimendua>

[2021-09-30 23:30:57 #22 type] 
Type domain.Question is not enhanced.

[2021-09-30 23:30:57 #23 type.registry] 
New type java.util.Vector<domain.Pronostikoa>

[2021-09-30 23:30:57 #24 type.registry] 
New type domain.Event

[2021-09-30 23:30:57 #25 type] 
Type domain.ArretaElkarrizketa is not enhanced.

[2021-09-30 23:30:57 #26 type.registry] 
New type domain.ArretaMezua

[2021-09-30 23:30:57 #27 type.registry] 
New type java.util.Vector<domain.ArretaMezua>

[2021-09-30 23:30:57 #28 type.registry] 
New type domain.Langilea

[2021-09-30 23:30:57 #29 type] 
Type domain.Errepikapena is not enhanced.

[2021-09-30 23:30:57 #30 type] 
Type domain.Mezua is not enhanced.

[2021-09-30 23:30:57 #31 type] 
Type domain.BezeroartekoMezua is not enhanced.

[2021-09-30 23:30:57 #32 type] 
Type domain.Mugimendua is not enhanced.

[2021-09-30 23:30:57 #33 type] 
Type domain.Event is not enhanced.

[2021-09-30 23:30:57 #34 type.registry] 
New type java.util.Vector<domain.Question>

[2021-09-30 23:30:57 #35 type] 
Type domain.ArretaMezua is not enhanced.

[2021-09-30 23:30:57 #36 type] 
Type domain.Langilea is not enhanced.

[2021-09-30 23:30:57 #37 type.registry] 
New type int[]

[2021-09-30 23:30:57 #38 type.registry] 
New type domain.Pertsona

[2021-09-30 23:30:57 #39 type.registry] 
New type domain.Apustua

[2021-09-30 23:30:57 #40 type.registry] 
New type domain.Pronostikoa

[2021-09-30 23:30:57 #41 type.registry] 
New type java.util.ArrayList<domain.Pronostikoa>

[2021-09-30 23:30:57 #42 type.registry] 
New type domain.Bezeroa

[2021-09-30 23:30:57 #43 type.registry] 
New type java.util.Vector<domain.Apustua>

[2021-09-30 23:30:57 #44 type.registry] 
New type domain.Question

[2021-09-30 23:30:57 #45 type.registry] 
New type domain.ArretaElkarrizketa

[2021-09-30 23:30:57 #46 type.registry] 
New type java.util.Vector<domain.ArretaElkarrizketa>

[2021-09-30 23:30:57 #47 type.registry] 
New type domain.Errepikapena

[2021-09-30 23:30:57 #48 type.registry] 
New type java.util.Vector<domain.Errepikapena>

[2021-09-30 23:30:57 #49 type.registry] 
New type domain.Mezua

[2021-09-30 23:30:57 #50 type.registry] 
New type domain.BezeroartekoMezua

[2021-09-30 23:30:57 #51 type.registry] 
New type java.util.Vector<domain.BezeroartekoMezua>

[2021-09-30 23:30:57 #52 type.registry] 
New type domain.Mugimendua

[2021-09-30 23:30:57 #53 type.registry] 
New type java.util.Vector<domain.Mugimendua>

[2021-09-30 23:30:57 #54 type.registry] 
New type java.util.Vector<domain.Pronostikoa>

[2021-09-30 23:30:57 #55 type.registry] 
New type domain.Event

[2021-09-30 23:30:57 #56 type.registry] 
New type domain.ArretaMezua

[2021-09-30 23:30:57 #57 type.registry] 
New type java.util.Vector<domain.ArretaMezua>

[2021-09-30 23:30:57 #58 type.registry] 
New type domain.Langilea

[2021-09-30 23:30:57 #59 type.registry] 
New type java.util.Vector<domain.Question>

[2021-09-30 23:30:57 #60 type.registry] 
New type int[]

------------------------------------------------------------------------------------------------------------------------

[2021-09-30 23:32:23 #1 store] 
Database '/Users/amaiaaristeguiiturraran/eclipse-workspace/is2/Bets21Azkena/src/main/resources/bets.temp' is opened by 2096@MacBook-Air-de-Amaia.local

[2021-09-30 23:32:23 #2 type.registry] 
New type domain.Apustua

[2021-09-30 23:32:23 #3 type] 
Type domain.Apustua is not enhanced.

[2021-09-30 23:32:23 #4 type.registry] 
New type domain.Pronostikoa

[2021-09-30 23:32:23 #5 type.registry] 
New type java.util.ArrayList<domain.Pronostikoa>

[2021-09-30 23:32:23 #6 type.registry] 
New type domain.Pertsona

[2021-09-30 23:32:23 #7 type.registry] 
New type domain.Bezeroa

[2021-09-30 23:32:23 #8 type] 
Type domain.Pronostikoa is not enhanced.

[2021-09-30 23:32:23 #9 type.registry] 
New type java.util.Vector<domain.Apustua>

[2021-09-30 23:32:23 #10 type.registry] 
New type domain.Question

[2021-09-30 23:32:23 #11 type] 
Type domain.Pertsona is not enhanced.

[2021-09-30 23:32:23 #12 type] 
Type domain.Bezeroa is not enhanced.

[2021-09-30 23:32:23 #13 type.registry] 
New type domain.ArretaElkarrizketa

[2021-09-30 23:32:23 #14 type.registry] 
New type java.util.Vector<domain.ArretaElkarrizketa>

[2021-09-30 23:32:23 #15 type.registry] 
New type domain.Errepikapena

[2021-09-30 23:32:23 #16 type.registry] 
New type java.util.Vector<domain.Errepikapena>

[2021-09-30 23:32:23 #17 type.registry] 
New type domain.Mezua

[2021-09-30 23:32:23 #18 type.registry] 
New type domain.BezeroartekoMezua

[2021-09-30 23:32:23 #19 type.registry] 
New type java.util.Vector<domain.BezeroartekoMezua>

[2021-09-30 23:32:23 #20 type.registry] 
New type domain.Mugimendua

[2021-09-30 23:32:23 #21 type.registry] 
New type java.util.Vector<domain.Mugimendua>

[2021-09-30 23:32:23 #22 type] 
Type domain.Question is not enhanced.

[2021-09-30 23:32:23 #23 type.registry] 
New type java.util.Vector<domain.Pronostikoa>

[2021-09-30 23:32:23 #24 type.registry] 
New type domain.Event

[2021-09-30 23:32:23 #25 type] 
Type domain.ArretaElkarrizketa is not enhanced.

[2021-09-30 23:32:23 #26 type.registry] 
New type domain.ArretaMezua

[2021-09-30 23:32:23 #27 type.registry] 
New type java.util.Vector<domain.ArretaMezua>

[2021-09-30 23:32:23 #28 type.registry] 
New type domain.Langilea

[2021-09-30 23:32:23 #29 type] 
Type domain.Errepikapena is not enhanced.

[2021-09-30 23:32:23 #30 type] 
Type domain.Mezua is not enhanced.

[2021-09-30 23:32:23 #31 type] 
Type domain.BezeroartekoMezua is not enhanced.

[2021-09-30 23:32:23 #32 type] 
Type domain.Mugimendua is not enhanced.

[2021-09-30 23:32:23 #33 type] 
Type domain.Event is not enhanced.

[2021-09-30 23:32:23 #34 type.registry] 
New type java.util.Vector<domain.Question>

[2021-09-30 23:32:23 #35 type] 
Type domain.ArretaMezua is not enhanced.

[2021-09-30 23:32:23 #36 type] 
Type domain.Langilea is not enhanced.

[2021-09-30 23:32:23 #37 type.registry] 
New type int[]

[2021-09-30 23:32:23 #38 type.registry] 
New type domain.Pertsona

[2021-09-30 23:32:23 #39 type.registry] 
New type domain.Apustua

[2021-09-30 23:32:23 #40 type.registry] 
New type domain.Pronostikoa

[2021-09-30 23:32:23 #41 type.registry] 
New type java.util.ArrayList<domain.Pronostikoa>

[2021-09-30 23:32:23 #42 type.registry] 
New type domain.Bezeroa

[2021-09-30 23:32:23 #43 type.registry] 
New type java.util.Vector<domain.Apustua>

[2021-09-30 23:32:23 #44 type.registry] 
New type domain.Question

[2021-09-30 23:32:23 #45 type.registry] 
New type domain.ArretaElkarrizketa

[2021-09-30 23:32:23 #46 type.registry] 
New type java.util.Vector<domain.ArretaElkarrizketa>

[2021-09-30 23:32:23 #47 type.registry] 
New type domain.Errepikapena

[2021-09-30 23:32:23 #48 type.registry] 
New type java.util.Vector<domain.Errepikapena>

[2021-09-30 23:32:23 #49 type.registry] 
New type domain.Mezua

[2021-09-30 23:32:23 #50 type.registry] 
New type domain.BezeroartekoMezua

[2021-09-30 23:32:23 #51 type.registry] 
New type java.util.Vector<domain.BezeroartekoMezua>

[2021-09-30 23:32:23 #52 type.registry] 
New type domain.Mugimendua

[2021-09-30 23:32:23 #53 type.registry] 
New type java.util.Vector<domain.Mugimendua>

[2021-09-30 23:32:23 #54 type.registry] 
New type java.util.Vector<domain.Pronostikoa>

[2021-09-30 23:32:23 #55 type.registry] 
New type domain.Event

[2021-09-30 23:32:23 #56 type.registry] 
New type domain.ArretaMezua

[2021-09-30 23:32:23 #57 type.registry] 
New type java.util.Vector<domain.ArretaMezua>

[2021-09-30 23:32:23 #58 type.registry] 
New type domain.Langilea

[2021-09-30 23:32:23 #59 type.registry] 
New type java.util.Vector<domain.Question>

[2021-09-30 23:32:23 #60 type.registry] 
New type int[]

------------------------------------------------------------------------------------------------------------------------

[2021-09-30 23:35:00 #1 store] 
Database '/Users/amaiaaristeguiiturraran/eclipse-workspace/is2/Bets21Azkena/src/main/resources/bets.temp' is opened by 2137@MacBook-Air-de-Amaia.local

[2021-09-30 23:35:00 #2 type.registry] 
New type domain.Apustua

[2021-09-30 23:35:00 #3 type] 
Type domain.Apustua is not enhanced.

[2021-09-30 23:35:00 #4 type.registry] 
New type domain.Pronostikoa

[2021-09-30 23:35:00 #5 type.registry] 
New type java.util.ArrayList<domain.Pronostikoa>

[2021-09-30 23:35:00 #6 type.registry] 
New type domain.Pertsona

[2021-09-30 23:35:00 #7 type.registry] 
New type domain.Bezeroa

[2021-09-30 23:35:00 #8 type] 
Type domain.Pronostikoa is not enhanced.

[2021-09-30 23:35:00 #9 type.registry] 
New type java.util.Vector<domain.Apustua>

[2021-09-30 23:35:00 #10 type.registry] 
New type domain.Question

[2021-09-30 23:35:00 #11 type] 
Type domain.Pertsona is not enhanced.

[2021-09-30 23:35:00 #12 type] 
Type domain.Bezeroa is not enhanced.

[2021-09-30 23:35:00 #13 type.registry] 
New type domain.ArretaElkarrizketa

[2021-09-30 23:35:00 #14 type.registry] 
New type java.util.Vector<domain.ArretaElkarrizketa>

[2021-09-30 23:35:00 #15 type.registry] 
New type domain.Errepikapena

[2021-09-30 23:35:00 #16 type.registry] 
New type java.util.Vector<domain.Errepikapena>

[2021-09-30 23:35:00 #17 type.registry] 
New type domain.Mezua

[2021-09-30 23:35:00 #18 type.registry] 
New type domain.BezeroartekoMezua

[2021-09-30 23:35:00 #19 type.registry] 
New type java.util.Vector<domain.BezeroartekoMezua>

[2021-09-30 23:35:00 #20 type.registry] 
New type domain.Mugimendua

[2021-09-30 23:35:00 #21 type.registry] 
New type java.util.Vector<domain.Mugimendua>

[2021-09-30 23:35:00 #22 type] 
Type domain.Question is not enhanced.

[2021-09-30 23:35:00 #23 type.registry] 
New type java.util.Vector<domain.Pronostikoa>

[2021-09-30 23:35:00 #24 type.registry] 
New type domain.Event

[2021-09-30 23:35:00 #25 type] 
Type domain.ArretaElkarrizketa is not enhanced.

[2021-09-30 23:35:00 #26 type.registry] 
New type domain.ArretaMezua

[2021-09-30 23:35:00 #27 type.registry] 
New type java.util.Vector<domain.ArretaMezua>

[2021-09-30 23:35:00 #28 type.registry] 
New type domain.Langilea

[2021-09-30 23:35:00 #29 type] 
Type domain.Errepikapena is not enhanced.

[2021-09-30 23:35:00 #30 type] 
Type domain.Mezua is not enhanced.

[2021-09-30 23:35:00 #31 type] 
Type domain.BezeroartekoMezua is not enhanced.

[2021-09-30 23:35:00 #32 type] 
Type domain.Mugimendua is not enhanced.

[2021-09-30 23:35:00 #33 type] 
Type domain.Event is not enhanced.

[2021-09-30 23:35:00 #34 type.registry] 
New type java.util.Vector<domain.Question>

[2021-09-30 23:35:00 #35 type] 
Type domain.ArretaMezua is not enhanced.

[2021-09-30 23:35:00 #36 type] 
Type domain.Langilea is not enhanced.

[2021-09-30 23:35:00 #37 type.registry] 
New type int[]

[2021-09-30 23:35:00 #38 type.registry] 
New type domain.Pertsona

[2021-09-30 23:35:00 #39 type.registry] 
New type domain.Apustua

[2021-09-30 23:35:00 #40 type.registry] 
New type domain.Pronostikoa

[2021-09-30 23:35:00 #41 type.registry] 
New type java.util.ArrayList<domain.Pronostikoa>

[2021-09-30 23:35:00 #42 type.registry] 
New type domain.Bezeroa

[2021-09-30 23:35:00 #43 type.registry] 
New type java.util.Vector<domain.Apustua>

[2021-09-30 23:35:00 #44 type.registry] 
New type domain.Question

[2021-09-30 23:35:00 #45 type.registry] 
New type domain.ArretaElkarrizketa

[2021-09-30 23:35:00 #46 type.registry] 
New type java.util.Vector<domain.ArretaElkarrizketa>

[2021-09-30 23:35:00 #47 type.registry] 
New type domain.Errepikapena

[2021-09-30 23:35:00 #48 type.registry] 
New type java.util.Vector<domain.Errepikapena>

[2021-09-30 23:35:00 #49 type.registry] 
New type domain.Mezua

[2021-09-30 23:35:00 #50 type.registry] 
New type domain.BezeroartekoMezua

[2021-09-30 23:35:00 #51 type.registry] 
New type java.util.Vector<domain.BezeroartekoMezua>

[2021-09-30 23:35:00 #52 type.registry] 
New type domain.Mugimendua

[2021-09-30 23:35:00 #53 type.registry] 
New type java.util.Vector<domain.Mugimendua>

[2021-09-30 23:35:00 #54 type.registry] 
New type java.util.Vector<domain.Pronostikoa>

[2021-09-30 23:35:00 #55 type.registry] 
New type domain.Event

[2021-09-30 23:35:00 #56 type.registry] 
New type domain.ArretaMezua

[2021-09-30 23:35:00 #57 type.registry] 
New type java.util.Vector<domain.ArretaMezua>

[2021-09-30 23:35:00 #58 type.registry] 
New type domain.Langilea

[2021-09-30 23:35:00 #59 type.registry] 
New type java.util.Vector<domain.Question>

[2021-09-30 23:35:00 #60 type.registry] 
New type int[]

------------------------------------------------------------------------------------------------------------------------

[2021-09-30 23:38:32 #1 store] 
Database '/Users/amaiaaristeguiiturraran/eclipse-workspace/is2/Bets21Azkena/src/main/resources/bets.temp' is opened by 2164@MacBook-Air-de-Amaia.local

[2021-09-30 23:38:32 #2 type.registry] 
New type domain.Apustua

[2021-09-30 23:38:32 #3 type] 
Type domain.Apustua is not enhanced.

[2021-09-30 23:38:32 #4 type.registry] 
New type domain.Pronostikoa

[2021-09-30 23:38:32 #5 type.registry] 
New type java.util.ArrayList<domain.Pronostikoa>

[2021-09-30 23:38:32 #6 type.registry] 
New type domain.Pertsona

[2021-09-30 23:38:32 #7 type.registry] 
New type domain.Bezeroa

[2021-09-30 23:38:32 #8 type] 
Type domain.Pronostikoa is not enhanced.

[2021-09-30 23:38:32 #9 type.registry] 
New type java.util.Vector<domain.Apustua>

[2021-09-30 23:38:32 #10 type.registry] 
New type domain.Question

[2021-09-30 23:38:32 #11 type] 
Type domain.Pertsona is not enhanced.

[2021-09-30 23:38:32 #12 type] 
Type domain.Bezeroa is not enhanced.

[2021-09-30 23:38:32 #13 type.registry] 
New type domain.ArretaElkarrizketa

[2021-09-30 23:38:32 #14 type.registry] 
New type java.util.Vector<domain.ArretaElkarrizketa>

[2021-09-30 23:38:32 #15 type.registry] 
New type domain.Errepikapena

[2021-09-30 23:38:32 #16 type.registry] 
New type java.util.Vector<domain.Errepikapena>

[2021-09-30 23:38:32 #17 type.registry] 
New type domain.Mezua

[2021-09-30 23:38:32 #18 type.registry] 
New type domain.BezeroartekoMezua

[2021-09-30 23:38:32 #19 type.registry] 
New type java.util.Vector<domain.BezeroartekoMezua>

[2021-09-30 23:38:32 #20 type.registry] 
New type domain.Mugimendua

[2021-09-30 23:38:32 #21 type.registry] 
New type java.util.Vector<domain.Mugimendua>

[2021-09-30 23:38:32 #22 type] 
Type domain.Question is not enhanced.

[2021-09-30 23:38:32 #23 type.registry] 
New type java.util.Vector<domain.Pronostikoa>

[2021-09-30 23:38:32 #24 type.registry] 
New type domain.Event

[2021-09-30 23:38:32 #25 type] 
Type domain.ArretaElkarrizketa is not enhanced.

[2021-09-30 23:38:32 #26 type.registry] 
New type domain.ArretaMezua

[2021-09-30 23:38:32 #27 type.registry] 
New type java.util.Vector<domain.ArretaMezua>

[2021-09-30 23:38:32 #28 type.registry] 
New type domain.Langilea

[2021-09-30 23:38:32 #29 type] 
Type domain.Errepikapena is not enhanced.

[2021-09-30 23:38:32 #30 type] 
Type domain.Mezua is not enhanced.

[2021-09-30 23:38:32 #31 type] 
Type domain.BezeroartekoMezua is not enhanced.

[2021-09-30 23:38:32 #32 type] 
Type domain.Mugimendua is not enhanced.

[2021-09-30 23:38:32 #33 type] 
Type domain.Event is not enhanced.

[2021-09-30 23:38:32 #34 type.registry] 
New type java.util.Vector<domain.Question>

[2021-09-30 23:38:32 #35 type] 
Type domain.ArretaMezua is not enhanced.

[2021-09-30 23:38:32 #36 type] 
Type domain.Langilea is not enhanced.

[2021-09-30 23:38:32 #37 type.registry] 
New type int[]

[2021-09-30 23:38:32 #38 type.registry] 
New type domain.Pertsona

------------------------------------------------------------------------------------------------------------------------

[2021-09-30 23:42:30 #1 store] 
Database '/Users/amaiaaristeguiiturraran/eclipse-workspace/is2/Bets21Azkena/src/main/resources/bets.temp' is opened by 2302@MacBook-Air-de-Amaia.local

[2021-09-30 23:42:31 #2 type.registry] 
New type domain.Apustua

[2021-09-30 23:42:31 #3 type] 
Type domain.Apustua is not enhanced.

[2021-09-30 23:42:31 #4 type.registry] 
New type domain.Pronostikoa

[2021-09-30 23:42:31 #5 type.registry] 
New type java.util.ArrayList<domain.Pronostikoa>

[2021-09-30 23:42:31 #6 type.registry] 
New type domain.Pertsona

[2021-09-30 23:42:31 #7 type.registry] 
New type domain.Bezeroa

[2021-09-30 23:42:31 #8 type] 
Type domain.Pronostikoa is not enhanced.

[2021-09-30 23:42:31 #9 type.registry] 
New type java.util.Vector<domain.Apustua>

[2021-09-30 23:42:31 #10 type.registry] 
New type domain.Question

[2021-09-30 23:42:31 #11 type] 
Type domain.Pertsona is not enhanced.

[2021-09-30 23:42:31 #12 type] 
Type domain.Bezeroa is not enhanced.

[2021-09-30 23:42:31 #13 type.registry] 
New type domain.ArretaElkarrizketa

[2021-09-30 23:42:31 #14 type.registry] 
New type java.util.Vector<domain.ArretaElkarrizketa>

[2021-09-30 23:42:31 #15 type.registry] 
New type domain.Errepikapena

[2021-09-30 23:42:31 #16 type.registry] 
New type java.util.Vector<domain.Errepikapena>

[2021-09-30 23:42:31 #17 type.registry] 
New type domain.Mezua

[2021-09-30 23:42:31 #18 type.registry] 
New type domain.BezeroartekoMezua

[2021-09-30 23:42:31 #19 type.registry] 
New type java.util.Vector<domain.BezeroartekoMezua>

[2021-09-30 23:42:31 #20 type.registry] 
New type domain.Mugimendua

[2021-09-30 23:42:31 #21 type.registry] 
New type java.util.Vector<domain.Mugimendua>

[2021-09-30 23:42:31 #22 type] 
Type domain.Question is not enhanced.

[2021-09-30 23:42:31 #23 type.registry] 
New type java.util.Vector<domain.Pronostikoa>

[2021-09-30 23:42:31 #24 type.registry] 
New type domain.Event

[2021-09-30 23:42:31 #25 type] 
Type domain.ArretaElkarrizketa is not enhanced.

[2021-09-30 23:42:31 #26 type.registry] 
New type domain.ArretaMezua

[2021-09-30 23:42:31 #27 type.registry] 
New type java.util.Vector<domain.ArretaMezua>

[2021-09-30 23:42:31 #28 type.registry] 
New type domain.Langilea

[2021-09-30 23:42:31 #29 type] 
Type domain.Errepikapena is not enhanced.

[2021-09-30 23:42:31 #30 type] 
Type domain.Mezua is not enhanced.

[2021-09-30 23:42:31 #31 type] 
Type domain.BezeroartekoMezua is not enhanced.

[2021-09-30 23:42:31 #32 type] 
Type domain.Mugimendua is not enhanced.

[2021-09-30 23:42:31 #33 type] 
Type domain.Event is not enhanced.

[2021-09-30 23:42:31 #34 type.registry] 
New type java.util.Vector<domain.Question>

[2021-09-30 23:42:31 #35 type] 
Type domain.ArretaMezua is not enhanced.

[2021-09-30 23:42:31 #36 type] 
Type domain.Langilea is not enhanced.

[2021-09-30 23:42:31 #37 type.registry] 
New type int[]

[2021-09-30 23:42:31 #38 type.registry] 
New type domain.Pertsona

------------------------------------------------------------------------------------------------------------------------

[2021-09-30 23:48:27 #1 store] 
Database '/Users/amaiaaristeguiiturraran/eclipse-workspace/is2/Bets21Azkena/src/main/resources/bets.temp' is opened by 2366@MacBook-Air-de-Amaia.local

[2021-09-30 23:48:28 #2 type.registry] 
New type domain.Pertsona

[2021-09-30 23:48:28 #3 type] 
Type domain.Pertsona is not enhanced.

------------------------------------------------------------------------------------------------------------------------

[2021-09-30 23:54:23 #1 store] 
Database '/Users/amaiaaristeguiiturraran/eclipse-workspace/is2/Bets21Azkena/src/main/resources/bets.temp' is opened by 2452@MacBook-Air-de-Amaia.local

[2021-09-30 23:54:23 #2 type.registry] 
New type domain.Pertsona

[2021-09-30 23:54:23 #3 type] 
Type domain.Pertsona is not enhanced.

------------------------------------------------------------------------------------------------------------------------

[2021-09-30 23:59:57 #1 store] 
Database '/Users/amaiaaristeguiiturraran/eclipse-workspace/is2/Bets21Azkena/src/main/resources/bets.temp' is opened by 2513@MacBook-Air-de-Amaia.local

[2021-09-30 23:59:57 #2 type.registry] 
New type domain.Pertsona

[2021-09-30 23:59:57 #3 type] 
Type domain.Pertsona is not enhanced.

